#
# There is insufficient memory for the Java Runtime Environment to continue.
# Native memory allocation (malloc) failed to allocate 1827424 bytes for Chunk::new
# Possible reasons:
#   The system is out of physical RAM or swap space
#   The process is running with CompressedOops enabled, and the Java Heap may be blocking the growth of the native heap
# Possible solutions:
#   Reduce memory load on the system
#   Increase physical memory or swap space
#   Check if swap backing store is full
#   Decrease Java heap size (-Xmx/-Xms)
#   Decrease number of Java threads
#   Decrease Java thread stack sizes (-Xss)
#   Set larger code cache with -XX:ReservedCodeCacheSize=
#   JVM is running with Unscaled Compressed Oops mode in which the Java heap is
#     placed in the first 4GB address space. The Java Heap base address is the
#     maximum limit for the native heap growth. Please use -XX:HeapBaseMinAddress
#     to set the Java Heap base and to place the Java Heap above 4GB virtual address.
# This output file may be truncated or incomplete.
#
#  Out of Memory Error (arena.cpp:189), pid=21180, tid=14248
#
# JRE version: Java(TM) SE Runtime Environment (17.0.6+9) (build 17.0.6+9-LTS-190)
# Java VM: Java HotSpot(TM) 64-Bit Server VM (17.0.6+9-LTS-190, mixed mode, sharing, tiered, compressed oops, compressed class ptrs, g1 gc, windows-amd64)
# No core dump will be written. Minidumps are not enabled by default on client versions of Windows
#

---------------  S U M M A R Y ------------

Command Line: -Dmaven.multiModuleProjectDirectory=D:\Spring and microsevice project\microservices-new -Djansi.passthrough=true -Dmaven.home=C:\Program Files\JetBrains\IntelliJ IDEA Community Edition 2022.3.2\plugins\maven\lib\maven3 -Dclassworlds.conf=C:\Program Files\JetBrains\IntelliJ IDEA Community Edition 2022.3.2\plugins\maven\lib\maven3\bin\m2.conf -Dmaven.ext.class.path=C:\Program Files\JetBrains\IntelliJ IDEA Community Edition 2022.3.2\plugins\maven\lib\maven-event-listener.jar -javaagent:C:\Program Files\JetBrains\IntelliJ IDEA Community Edition 2022.3.2\lib\idea_rt.jar=52216:C:\Program Files\JetBrains\IntelliJ IDEA Community Edition 2022.3.2\bin -Dfile.encoding=UTF-8 org.codehaus.classworlds.Launcher -Didea.version=2022.3.2 clean verify

Host: Intel(R) Core(TM) i3-8130U CPU @ 2.20GHz, 4 cores, 7G,  Windows 11 , 64 bit Build 22621 (10.0.22621.1778)
Time: Sat Aug  5 22:33:51 2023 India Standard Time elapsed time: 5.455496 seconds (0d 0h 0m 5s)

---------------  T H R E A D  ---------------

Current thread (0x000001f2cf77fd90):  JavaThread "C2 CompilerThread1" daemon [_thread_in_native, id=14248, stack(0x000000e361e00000,0x000000e361f00000)]


Current CompileTask:
C2:   5455 2983   !   4       org.codehaus.plexus.interpolation.StringSearchInterpolator::interpolate (650 bytes)

Stack: [0x000000e361e00000,0x000000e361f00000]
Native frames: (J=compiled Java code, j=interpreted, Vv=VM code, C=native code)
V  [jvm.dll+0x6734ea]
V  [jvm.dll+0x7d18f4]
V  [jvm.dll+0x7d309e]
V  [jvm.dll+0x7d3703]
V  [jvm.dll+0x2433c5]
V  [jvm.dll+0xaa46b]
V  [jvm.dll+0xaaa0c]
V  [jvm.dll+0x35eb2e]
V  [jvm.dll+0x1b986a]
V  [jvm.dll+0x215f37]
V  [jvm.dll+0x215211]
V  [jvm.dll+0x1a1730]
V  [jvm.dll+0x224b6e]
V  [jvm.dll+0x222f15]
V  [jvm.dll+0x78753c]
V  [jvm.dll+0x781a7a]
V  [jvm.dll+0x672375]
C  [ucrtbase.dll+0x29363]
C  [KERNEL32.DLL+0x126ad]
C  [ntdll.dll+0x5a9f8]


---------------  P R O C E S S  ---------------

Threads class SMR info:
_java_thread_list=0x000001f2cf71bdc0, length=14, elements={
0x000001f2b079d520, 0x000001f2cdf80830, 0x000001f2cdf813e0, 0x000001f2cdf93f70,
0x000001f2cdf96a30, 0x000001f2cdf983f0, 0x000001f2cdf9c2a0, 0x000001f2cdfbd850,
0x000001f2cdfc6300, 0x000001f2cdfd74b0, 0x000001f2cdf69990, 0x000001f2ced1e910,
0x000001f2ced1ede0, 0x000001f2cf77fd90
}

Java Threads: ( => current thread )
  0x000001f2b079d520 JavaThread "main" [_thread_in_Java, id=18784, stack(0x000000e360600000,0x000000e360700000)]
  0x000001f2cdf80830 JavaThread "Reference Handler" daemon [_thread_blocked, id=1216, stack(0x000000e360d00000,0x000000e360e00000)]
  0x000001f2cdf813e0 JavaThread "Finalizer" daemon [_thread_blocked, id=23700, stack(0x000000e360e00000,0x000000e360f00000)]
  0x000001f2cdf93f70 JavaThread "Signal Dispatcher" daemon [_thread_blocked, id=28052, stack(0x000000e360f00000,0x000000e361000000)]
  0x000001f2cdf96a30 JavaThread "Attach Listener" daemon [_thread_blocked, id=12012, stack(0x000000e361000000,0x000000e361100000)]
  0x000001f2cdf983f0 JavaThread "Service Thread" daemon [_thread_blocked, id=13480, stack(0x000000e361100000,0x000000e361200000)]
  0x000001f2cdf9c2a0 JavaThread "Monitor Deflation Thread" daemon [_thread_blocked, id=12200, stack(0x000000e361200000,0x000000e361300000)]
  0x000001f2cdfbd850 JavaThread "C2 CompilerThread0" daemon [_thread_in_native, id=14712, stack(0x000000e361300000,0x000000e361400000)]
  0x000001f2cdfc6300 JavaThread "C1 CompilerThread0" daemon [_thread_blocked, id=24996, stack(0x000000e361400000,0x000000e361500000)]
  0x000001f2cdfd74b0 JavaThread "Sweeper thread" daemon [_thread_blocked, id=27704, stack(0x000000e361500000,0x000000e361600000)]
  0x000001f2cdf69990 JavaThread "Common-Cleaner" daemon [_thread_blocked, id=22912, stack(0x000000e361600000,0x000000e361700000)]
  0x000001f2ced1e910 JavaThread "Monitor Ctrl-Break" daemon [_thread_in_native, id=17880, stack(0x000000e361700000,0x000000e361800000)]
  0x000001f2ced1ede0 JavaThread "Notification Thread" daemon [_thread_blocked, id=19784, stack(0x000000e361800000,0x000000e361900000)]
=>0x000001f2cf77fd90 JavaThread "C2 CompilerThread1" daemon [_thread_in_native, id=14248, stack(0x000000e361e00000,0x000000e361f00000)]

Other Threads:
  0x000001f2cdf7c9a0 VMThread "VM Thread" [stack: 0x000000e360c00000,0x000000e360d00000] [id=24824]
  0x000001f2b0817a80 WatcherThread [stack: 0x000000e361900000,0x000000e361a00000] [id=19308]
  0x000001f2b07f4590 GCTaskThread "GC Thread#0" [stack: 0x000000e360700000,0x000000e360800000] [id=19412]
  0x000001f2cf64b060 GCTaskThread "GC Thread#1" [stack: 0x000000e361a00000,0x000000e361b00000] [id=22188]
  0x000001f2cf64fc60 GCTaskThread "GC Thread#2" [stack: 0x000000e361b00000,0x000000e361c00000] [id=21476]
  0x000001f2cf516390 GCTaskThread "GC Thread#3" [stack: 0x000000e361c00000,0x000000e361d00000] [id=26700]
  0x000001f2b08050d0 ConcurrentGCThread "G1 Main Marker" [stack: 0x000000e360800000,0x000000e360900000] [id=22936]
  0x000001f2b08077f0 ConcurrentGCThread "G1 Conc#0" [stack: 0x000000e360900000,0x000000e360a00000] [id=20836]
  0x000001f2b08636d0 ConcurrentGCThread "G1 Refine#0" [stack: 0x000000e360a00000,0x000000e360b00000] [id=24808]
  0x000001f2cf6595d0 ConcurrentGCThread "G1 Refine#1" [stack: 0x000000e361d00000,0x000000e361e00000] [id=23332]
  0x000001f2cde400a0 ConcurrentGCThread "G1 Service" [stack: 0x000000e360b00000,0x000000e360c00000] [id=18892]

Threads with active compile tasks:
C2 CompilerThread0     5507 3171   !   4       org.apache.maven.model.ConfigurationContainer::clone (98 bytes)
C2 CompilerThread1     5507 2983   !   4       org.codehaus.plexus.interpolation.StringSearchInterpolator::interpolate (650 bytes)

VM state: not at safepoint (normal execution)

VM Mutex/Monitor currently owned by a thread: None

Heap address: 0x0000000082000000, size: 2016 MB, Compressed Oops mode: 32-bit

CDS archive(s) mapped at: [0x0000000800000000-0x0000000800bd0000-0x0000000800bd0000), size 12386304, SharedBaseAddress: 0x0000000800000000, ArchiveRelocationMode: 0.
Compressed class space mapped at: 0x0000000800c00000-0x0000000840c00000, reserved size: 1073741824
Narrow klass base: 0x0000000800000000, Narrow klass shift: 0, Narrow klass range: 0x100000000

GC Precious Log:
 CPUs: 4 total, 4 available
 Memory: 8060M
 Large Page Support: Disabled
 NUMA Support: Disabled
 Compressed Oops: Enabled (32-bit)
 Heap Region Size: 1M
 Heap Min Capacity: 8M
 Heap Initial Capacity: 126M
 Heap Max Capacity: 2016M
 Pre-touch: Disabled
 Parallel Workers: 4
 Concurrent Workers: 1
 Concurrent Refinement Workers: 4
 Periodic GC: Disabled

Heap:
 garbage-first heap   total 129024K, used 69735K [0x0000000082000000, 0x0000000100000000)
  region size 1024K, 66 young (67584K), 3 survivors (3072K)
 Metaspace       used 14029K, committed 14208K, reserved 1064960K
  class space    used 1593K, committed 1664K, reserved 1048576K

Heap Regions: E=young(eden), S=young(survivor), O=old, HS=humongous(starts), HC=humongous(continues), CS=collection set, F=free, OA=open archive, CA=closed archive, TAMS=top-at-mark-start (previous, next)
|   0|0x0000000082000000, 0x0000000082100000, 0x0000000082100000|100%| O|  |TAMS 0x0000000082000000, 0x0000000082000000| Untracked 
|   1|0x0000000082100000, 0x0000000082200000, 0x0000000082200000|100%| O|  |TAMS 0x0000000082100000, 0x0000000082100000| Untracked 
|   2|0x0000000082200000, 0x0000000082300000, 0x0000000082300000|100%| O|  |TAMS 0x0000000082200000, 0x0000000082200000| Untracked 
|   3|0x0000000082300000, 0x000000008237a200, 0x0000000082400000| 47%| O|  |TAMS 0x0000000082300000, 0x0000000082300000| Untracked 
|   4|0x0000000082400000, 0x0000000082400000, 0x0000000082500000|  0%| F|  |TAMS 0x0000000082400000, 0x0000000082400000| Untracked 
|   5|0x0000000082500000, 0x0000000082500000, 0x0000000082600000|  0%| F|  |TAMS 0x0000000082500000, 0x0000000082500000| Untracked 
|   6|0x0000000082600000, 0x0000000082600000, 0x0000000082700000|  0%| F|  |TAMS 0x0000000082600000, 0x0000000082600000| Untracked 
|   7|0x0000000082700000, 0x0000000082700000, 0x0000000082800000|  0%| F|  |TAMS 0x0000000082700000, 0x0000000082700000| Untracked 
|   8|0x0000000082800000, 0x0000000082800000, 0x0000000082900000|  0%| F|  |TAMS 0x0000000082800000, 0x0000000082800000| Untracked 
|   9|0x0000000082900000, 0x0000000082900000, 0x0000000082a00000|  0%| F|  |TAMS 0x0000000082900000, 0x0000000082900000| Untracked 
|  10|0x0000000082a00000, 0x0000000082a00000, 0x0000000082b00000|  0%| F|  |TAMS 0x0000000082a00000, 0x0000000082a00000| Untracked 
|  11|0x0000000082b00000, 0x0000000082b00000, 0x0000000082c00000|  0%| F|  |TAMS 0x0000000082b00000, 0x0000000082b00000| Untracked 
|  12|0x0000000082c00000, 0x0000000082c00000, 0x0000000082d00000|  0%| F|  |TAMS 0x0000000082c00000, 0x0000000082c00000| Untracked 
|  13|0x0000000082d00000, 0x0000000082d00000, 0x0000000082e00000|  0%| F|  |TAMS 0x0000000082d00000, 0x0000000082d00000| Untracked 
|  14|0x0000000082e00000, 0x0000000082e00000, 0x0000000082f00000|  0%| F|  |TAMS 0x0000000082e00000, 0x0000000082e00000| Untracked 
|  15|0x0000000082f00000, 0x0000000082f00000, 0x0000000083000000|  0%| F|  |TAMS 0x0000000082f00000, 0x0000000082f00000| Untracked 
|  16|0x0000000083000000, 0x0000000083000000, 0x0000000083100000|  0%| F|  |TAMS 0x0000000083000000, 0x0000000083000000| Untracked 
|  17|0x0000000083100000, 0x0000000083100000, 0x0000000083200000|  0%| F|  |TAMS 0x0000000083100000, 0x0000000083100000| Untracked 
|  18|0x0000000083200000, 0x0000000083200000, 0x0000000083300000|  0%| F|  |TAMS 0x0000000083200000, 0x0000000083200000| Untracked 
|  19|0x0000000083300000, 0x0000000083300000, 0x0000000083400000|  0%| F|  |TAMS 0x0000000083300000, 0x0000000083300000| Untracked 
|  20|0x0000000083400000, 0x0000000083400000, 0x0000000083500000|  0%| F|  |TAMS 0x0000000083400000, 0x0000000083400000| Untracked 
|  21|0x0000000083500000, 0x0000000083500000, 0x0000000083600000|  0%| F|  |TAMS 0x0000000083500000, 0x0000000083500000| Untracked 
|  22|0x0000000083600000, 0x0000000083600000, 0x0000000083700000|  0%| F|  |TAMS 0x0000000083600000, 0x0000000083600000| Untracked 
|  23|0x0000000083700000, 0x0000000083700000, 0x0000000083800000|  0%| F|  |TAMS 0x0000000083700000, 0x0000000083700000| Untracked 
|  24|0x0000000083800000, 0x0000000083800000, 0x0000000083900000|  0%| F|  |TAMS 0x0000000083800000, 0x0000000083800000| Untracked 
|  25|0x0000000083900000, 0x0000000083900000, 0x0000000083a00000|  0%| F|  |TAMS 0x0000000083900000, 0x0000000083900000| Untracked 
|  26|0x0000000083a00000, 0x0000000083a00000, 0x0000000083b00000|  0%| F|  |TAMS 0x0000000083a00000, 0x0000000083a00000| Untracked 
|  27|0x0000000083b00000, 0x0000000083b00000, 0x0000000083c00000|  0%| F|  |TAMS 0x0000000083b00000, 0x0000000083b00000| Untracked 
|  28|0x0000000083c00000, 0x0000000083c00000, 0x0000000083d00000|  0%| F|  |TAMS 0x0000000083c00000, 0x0000000083c00000| Untracked 
|  29|0x0000000083d00000, 0x0000000083d00000, 0x0000000083e00000|  0%| F|  |TAMS 0x0000000083d00000, 0x0000000083d00000| Untracked 
|  30|0x0000000083e00000, 0x0000000083e00000, 0x0000000083f00000|  0%| F|  |TAMS 0x0000000083e00000, 0x0000000083e00000| Untracked 
|  31|0x0000000083f00000, 0x0000000083f00000, 0x0000000084000000|  0%| F|  |TAMS 0x0000000083f00000, 0x0000000083f00000| Untracked 
|  32|0x0000000084000000, 0x0000000084000000, 0x0000000084100000|  0%| F|  |TAMS 0x0000000084000000, 0x0000000084000000| Untracked 
|  33|0x0000000084100000, 0x0000000084100000, 0x0000000084200000|  0%| F|  |TAMS 0x0000000084100000, 0x0000000084100000| Untracked 
|  34|0x0000000084200000, 0x0000000084200000, 0x0000000084300000|  0%| F|  |TAMS 0x0000000084200000, 0x0000000084200000| Untracked 
|  35|0x0000000084300000, 0x0000000084300000, 0x0000000084400000|  0%| F|  |TAMS 0x0000000084300000, 0x0000000084300000| Untracked 
|  36|0x0000000084400000, 0x0000000084400000, 0x0000000084500000|  0%| F|  |TAMS 0x0000000084400000, 0x0000000084400000| Untracked 
|  37|0x0000000084500000, 0x0000000084500000, 0x0000000084600000|  0%| F|  |TAMS 0x0000000084500000, 0x0000000084500000| Untracked 
|  38|0x0000000084600000, 0x0000000084600000, 0x0000000084700000|  0%| F|  |TAMS 0x0000000084600000, 0x0000000084600000| Untracked 
|  39|0x0000000084700000, 0x0000000084700000, 0x0000000084800000|  0%| F|  |TAMS 0x0000000084700000, 0x0000000084700000| Untracked 
|  40|0x0000000084800000, 0x0000000084800000, 0x0000000084900000|  0%| F|  |TAMS 0x0000000084800000, 0x0000000084800000| Untracked 
|  41|0x0000000084900000, 0x0000000084900000, 0x0000000084a00000|  0%| F|  |TAMS 0x0000000084900000, 0x0000000084900000| Untracked 
|  42|0x0000000084a00000, 0x0000000084a00000, 0x0000000084b00000|  0%| F|  |TAMS 0x0000000084a00000, 0x0000000084a00000| Untracked 
|  43|0x0000000084b00000, 0x0000000084b00000, 0x0000000084c00000|  0%| F|  |TAMS 0x0000000084b00000, 0x0000000084b00000| Untracked 
|  44|0x0000000084c00000, 0x0000000084c00000, 0x0000000084d00000|  0%| F|  |TAMS 0x0000000084c00000, 0x0000000084c00000| Untracked 
|  45|0x0000000084d00000, 0x0000000084d00000, 0x0000000084e00000|  0%| F|  |TAMS 0x0000000084d00000, 0x0000000084d00000| Untracked 
|  46|0x0000000084e00000, 0x0000000084e00000, 0x0000000084f00000|  0%| F|  |TAMS 0x0000000084e00000, 0x0000000084e00000| Untracked 
|  47|0x0000000084f00000, 0x0000000084f00000, 0x0000000085000000|  0%| F|  |TAMS 0x0000000084f00000, 0x0000000084f00000| Untracked 
|  48|0x0000000085000000, 0x0000000085000000, 0x0000000085100000|  0%| F|  |TAMS 0x0000000085000000, 0x0000000085000000| Untracked 
|  49|0x0000000085100000, 0x0000000085100000, 0x0000000085200000|  0%| F|  |TAMS 0x0000000085100000, 0x0000000085100000| Untracked 
|  50|0x0000000085200000, 0x0000000085200000, 0x0000000085300000|  0%| F|  |TAMS 0x0000000085200000, 0x0000000085200000| Untracked 
|  51|0x0000000085300000, 0x0000000085300000, 0x0000000085400000|  0%| F|  |TAMS 0x0000000085300000, 0x0000000085300000| Untracked 
|  52|0x0000000085400000, 0x0000000085400000, 0x0000000085500000|  0%| F|  |TAMS 0x0000000085400000, 0x0000000085400000| Untracked 
|  53|0x0000000085500000, 0x0000000085500000, 0x0000000085600000|  0%| F|  |TAMS 0x0000000085500000, 0x0000000085500000| Untracked 
|  54|0x0000000085600000, 0x0000000085600000, 0x0000000085700000|  0%| F|  |TAMS 0x0000000085600000, 0x0000000085600000| Untracked 
|  55|0x0000000085700000, 0x0000000085700000, 0x0000000085800000|  0%| F|  |TAMS 0x0000000085700000, 0x0000000085700000| Untracked 
|  56|0x0000000085800000, 0x0000000085800000, 0x0000000085900000|  0%| F|  |TAMS 0x0000000085800000, 0x0000000085800000| Untracked 
|  57|0x0000000085900000, 0x0000000085900000, 0x0000000085a00000|  0%| F|  |TAMS 0x0000000085900000, 0x0000000085900000| Untracked 
|  58|0x0000000085a00000, 0x0000000085a00000, 0x0000000085b00000|  0%| F|  |TAMS 0x0000000085a00000, 0x0000000085a00000| Untracked 
|  59|0x0000000085b00000, 0x0000000085b80800, 0x0000000085c00000| 50%| E|  |TAMS 0x0000000085b00000, 0x0000000085b00000| Complete 
|  60|0x0000000085c00000, 0x0000000085d00000, 0x0000000085d00000|100%| E|CS|TAMS 0x0000000085c00000, 0x0000000085c00000| Complete 
|  61|0x0000000085d00000, 0x0000000085e00000, 0x0000000085e00000|100%| E|CS|TAMS 0x0000000085d00000, 0x0000000085d00000| Complete 
|  62|0x0000000085e00000, 0x0000000085f00000, 0x0000000085f00000|100%| E|CS|TAMS 0x0000000085e00000, 0x0000000085e00000| Complete 
|  63|0x0000000085f00000, 0x0000000086000000, 0x0000000086000000|100%| E|CS|TAMS 0x0000000085f00000, 0x0000000085f00000| Complete 
|  64|0x0000000086000000, 0x0000000086100000, 0x0000000086100000|100%| E|CS|TAMS 0x0000000086000000, 0x0000000086000000| Complete 
|  65|0x0000000086100000, 0x0000000086200000, 0x0000000086200000|100%| E|CS|TAMS 0x0000000086100000, 0x0000000086100000| Complete 
|  66|0x0000000086200000, 0x0000000086300000, 0x0000000086300000|100%| E|CS|TAMS 0x0000000086200000, 0x0000000086200000| Complete 
|  67|0x0000000086300000, 0x0000000086400000, 0x0000000086400000|100%| E|CS|TAMS 0x0000000086300000, 0x0000000086300000| Complete 
|  68|0x0000000086400000, 0x0000000086500000, 0x0000000086500000|100%| E|CS|TAMS 0x0000000086400000, 0x0000000086400000| Complete 
|  69|0x0000000086500000, 0x0000000086600000, 0x0000000086600000|100%| E|CS|TAMS 0x0000000086500000, 0x0000000086500000| Complete 
|  70|0x0000000086600000, 0x0000000086700000, 0x0000000086700000|100%| E|CS|TAMS 0x0000000086600000, 0x0000000086600000| Complete 
|  71|0x0000000086700000, 0x0000000086800000, 0x0000000086800000|100%| E|CS|TAMS 0x0000000086700000, 0x0000000086700000| Complete 
|  72|0x0000000086800000, 0x0000000086900000, 0x0000000086900000|100%| E|CS|TAMS 0x0000000086800000, 0x0000000086800000| Complete 
|  73|0x0000000086900000, 0x0000000086a00000, 0x0000000086a00000|100%| E|CS|TAMS 0x0000000086900000, 0x0000000086900000| Complete 
|  74|0x0000000086a00000, 0x0000000086b00000, 0x0000000086b00000|100%| E|CS|TAMS 0x0000000086a00000, 0x0000000086a00000| Complete 
|  75|0x0000000086b00000, 0x0000000086c00000, 0x0000000086c00000|100%| E|CS|TAMS 0x0000000086b00000, 0x0000000086b00000| Complete 
|  76|0x0000000086c00000, 0x0000000086d00000, 0x0000000086d00000|100%| E|CS|TAMS 0x0000000086c00000, 0x0000000086c00000| Complete 
|  77|0x0000000086d00000, 0x0000000086e00000, 0x0000000086e00000|100%| E|CS|TAMS 0x0000000086d00000, 0x0000000086d00000| Complete 
|  78|0x0000000086e00000, 0x0000000086f00000, 0x0000000086f00000|100%| E|CS|TAMS 0x0000000086e00000, 0x0000000086e00000| Complete 
|  79|0x0000000086f00000, 0x0000000087000000, 0x0000000087000000|100%| E|CS|TAMS 0x0000000086f00000, 0x0000000086f00000| Complete 
|  80|0x0000000087000000, 0x0000000087100000, 0x0000000087100000|100%| E|CS|TAMS 0x0000000087000000, 0x0000000087000000| Complete 
|  81|0x0000000087100000, 0x0000000087200000, 0x0000000087200000|100%| E|CS|TAMS 0x0000000087100000, 0x0000000087100000| Complete 
|  82|0x0000000087200000, 0x0000000087300000, 0x0000000087300000|100%| E|CS|TAMS 0x0000000087200000, 0x0000000087200000| Complete 
|  83|0x0000000087300000, 0x0000000087400000, 0x0000000087400000|100%| E|CS|TAMS 0x0000000087300000, 0x0000000087300000| Complete 
|  84|0x0000000087400000, 0x0000000087500000, 0x0000000087500000|100%| E|CS|TAMS 0x0000000087400000, 0x0000000087400000| Complete 
|  85|0x0000000087500000, 0x0000000087600000, 0x0000000087600000|100%| E|CS|TAMS 0x0000000087500000, 0x0000000087500000| Complete 
|  86|0x0000000087600000, 0x0000000087700000, 0x0000000087700000|100%| E|CS|TAMS 0x0000000087600000, 0x0000000087600000| Complete 
|  87|0x0000000087700000, 0x0000000087800000, 0x0000000087800000|100%| E|CS|TAMS 0x0000000087700000, 0x0000000087700000| Complete 
|  88|0x0000000087800000, 0x0000000087900000, 0x0000000087900000|100%| E|CS|TAMS 0x0000000087800000, 0x0000000087800000| Complete 
|  89|0x0000000087900000, 0x0000000087a00000, 0x0000000087a00000|100%| E|CS|TAMS 0x0000000087900000, 0x0000000087900000| Complete 
|  90|0x0000000087a00000, 0x0000000087b00000, 0x0000000087b00000|100%| E|CS|TAMS 0x0000000087a00000, 0x0000000087a00000| Complete 
|  91|0x0000000087b00000, 0x0000000087c00000, 0x0000000087c00000|100%| E|CS|TAMS 0x0000000087b00000, 0x0000000087b00000| Complete 
|  92|0x0000000087c00000, 0x0000000087d00000, 0x0000000087d00000|100%| E|CS|TAMS 0x0000000087c00000, 0x0000000087c00000| Complete 
|  93|0x0000000087d00000, 0x0000000087d9fba0, 0x0000000087e00000| 62%| S|CS|TAMS 0x0000000087d00000, 0x0000000087d00000| Complete 
|  94|0x0000000087e00000, 0x0000000087f00000, 0x0000000087f00000|100%| S|CS|TAMS 0x0000000087e00000, 0x0000000087e00000| Complete 
|  95|0x0000000087f00000, 0x0000000088000000, 0x0000000088000000|100%| S|CS|TAMS 0x0000000087f00000, 0x0000000087f00000| Complete 
|  96|0x0000000088000000, 0x0000000088100000, 0x0000000088100000|100%| E|CS|TAMS 0x0000000088000000, 0x0000000088000000| Complete 
|  97|0x0000000088100000, 0x0000000088200000, 0x0000000088200000|100%| E|CS|TAMS 0x0000000088100000, 0x0000000088100000| Complete 
|  98|0x0000000088200000, 0x0000000088300000, 0x0000000088300000|100%| E|CS|TAMS 0x0000000088200000, 0x0000000088200000| Complete 
|  99|0x0000000088300000, 0x0000000088400000, 0x0000000088400000|100%| E|CS|TAMS 0x0000000088300000, 0x0000000088300000| Complete 
| 100|0x0000000088400000, 0x0000000088500000, 0x0000000088500000|100%| E|CS|TAMS 0x0000000088400000, 0x0000000088400000| Complete 
| 101|0x0000000088500000, 0x0000000088600000, 0x0000000088600000|100%| E|CS|TAMS 0x0000000088500000, 0x0000000088500000| Complete 
| 102|0x0000000088600000, 0x0000000088700000, 0x0000000088700000|100%| E|CS|TAMS 0x0000000088600000, 0x0000000088600000| Complete 
| 103|0x0000000088700000, 0x0000000088800000, 0x0000000088800000|100%| E|CS|TAMS 0x0000000088700000, 0x0000000088700000| Complete 
| 104|0x0000000088800000, 0x0000000088900000, 0x0000000088900000|100%| E|CS|TAMS 0x0000000088800000, 0x0000000088800000| Complete 
| 105|0x0000000088900000, 0x0000000088a00000, 0x0000000088a00000|100%| E|CS|TAMS 0x0000000088900000, 0x0000000088900000| Complete 
| 106|0x0000000088a00000, 0x0000000088b00000, 0x0000000088b00000|100%| E|CS|TAMS 0x0000000088a00000, 0x0000000088a00000| Complete 
| 107|0x0000000088b00000, 0x0000000088c00000, 0x0000000088c00000|100%| E|CS|TAMS 0x0000000088b00000, 0x0000000088b00000| Complete 
| 108|0x0000000088c00000, 0x0000000088d00000, 0x0000000088d00000|100%| E|CS|TAMS 0x0000000088c00000, 0x0000000088c00000| Complete 
| 109|0x0000000088d00000, 0x0000000088e00000, 0x0000000088e00000|100%| E|CS|TAMS 0x0000000088d00000, 0x0000000088d00000| Complete 
| 110|0x0000000088e00000, 0x0000000088f00000, 0x0000000088f00000|100%| E|CS|TAMS 0x0000000088e00000, 0x0000000088e00000| Complete 
| 111|0x0000000088f00000, 0x0000000089000000, 0x0000000089000000|100%| E|CS|TAMS 0x0000000088f00000, 0x0000000088f00000| Complete 
| 112|0x0000000089000000, 0x0000000089100000, 0x0000000089100000|100%| E|CS|TAMS 0x0000000089000000, 0x0000000089000000| Complete 
| 113|0x0000000089100000, 0x0000000089200000, 0x0000000089200000|100%| E|CS|TAMS 0x0000000089100000, 0x0000000089100000| Complete 
| 114|0x0000000089200000, 0x0000000089300000, 0x0000000089300000|100%| E|CS|TAMS 0x0000000089200000, 0x0000000089200000| Complete 
| 115|0x0000000089300000, 0x0000000089400000, 0x0000000089400000|100%| E|CS|TAMS 0x0000000089300000, 0x0000000089300000| Complete 
| 116|0x0000000089400000, 0x0000000089500000, 0x0000000089500000|100%| E|CS|TAMS 0x0000000089400000, 0x0000000089400000| Complete 
| 117|0x0000000089500000, 0x0000000089600000, 0x0000000089600000|100%| E|CS|TAMS 0x0000000089500000, 0x0000000089500000| Complete 
| 118|0x0000000089600000, 0x0000000089700000, 0x0000000089700000|100%| E|CS|TAMS 0x0000000089600000, 0x0000000089600000| Complete 
| 119|0x0000000089700000, 0x0000000089800000, 0x0000000089800000|100%| E|CS|TAMS 0x0000000089700000, 0x0000000089700000| Complete 
| 120|0x0000000089800000, 0x0000000089900000, 0x0000000089900000|100%| E|CS|TAMS 0x0000000089800000, 0x0000000089800000| Complete 
| 121|0x0000000089900000, 0x0000000089a00000, 0x0000000089a00000|100%| E|CS|TAMS 0x0000000089900000, 0x0000000089900000| Complete 
| 122|0x0000000089a00000, 0x0000000089b00000, 0x0000000089b00000|100%| E|CS|TAMS 0x0000000089a00000, 0x0000000089a00000| Complete 
| 123|0x0000000089b00000, 0x0000000089c00000, 0x0000000089c00000|100%| E|CS|TAMS 0x0000000089b00000, 0x0000000089b00000| Complete 
| 124|0x0000000089c00000, 0x0000000089d00000, 0x0000000089d00000|100%| E|CS|TAMS 0x0000000089c00000, 0x0000000089c00000| Complete 
| 125|0x0000000089d00000, 0x0000000089e00000, 0x0000000089e00000|100%| E|CS|TAMS 0x0000000089d00000, 0x0000000089d00000| Complete 

Card table byte_map: [0x000001f2c7410000,0x000001f2c7800000] _byte_map_base: 0x000001f2c7000000

Marking Bits (Prev, Next): (CMBitMap*) 0x000001f2b07f4ba0, (CMBitMap*) 0x000001f2b07f4be0
 Prev Bits: [0x000001f2c7bf0000, 0x000001f2c9b70000)
 Next Bits: [0x000001f2c9b70000, 0x000001f2cbaf0000)

Polling page: 0x000001f2ae5d0000

Metaspace:

Usage:
  Non-class:     12.15 MB used.
      Class:      1.56 MB used.
       Both:     13.71 MB used.

Virtual space:
  Non-class space:       16.00 MB reserved,      12.25 MB ( 77%) committed,  2 nodes.
      Class space:        1.00 GB reserved,       1.62 MB ( <1%) committed,  1 nodes.
             Both:        1.02 GB reserved,      13.88 MB (  1%) committed. 

Chunk freelists:
   Non-Class:  3.16 MB
       Class:  2.20 MB
        Both:  5.35 MB

MaxMetaspaceSize: unlimited
CompressedClassSpaceSize: 1.00 GB
Initial GC threshold: 21.00 MB
Current GC threshold: 21.00 MB
CDS: on
MetaspaceReclaimPolicy: balanced
 - commit_granule_bytes: 65536.
 - commit_granule_words: 8192.
 - virtual_space_node_default_size: 1048576.
 - enlarge_chunks_in_place: 1.
 - new_chunks_are_fully_committed: 0.
 - uncommit_free_chunks: 1.
 - use_allocation_guard: 0.
 - handle_deallocations: 1.


Internal statistics:

num_allocs_failed_limit: 0.
num_arena_births: 84.
num_arena_deaths: 0.
num_vsnodes_births: 3.
num_vsnodes_deaths: 0.
num_space_committed: 222.
num_space_uncommitted: 0.
num_chunks_returned_to_freelist: 0.
num_chunks_taken_from_freelist: 562.
num_chunk_merges: 0.
num_chunk_splits: 380.
num_chunks_enlarged: 296.
num_purges: 0.
num_inconsistent_stats: 0.

CodeHeap 'non-profiled nmethods': size=120000Kb used=1535Kb max_used=1535Kb free=118464Kb
 bounds [0x000001f2bfaf0000, 0x000001f2bfd60000, 0x000001f2c7020000]
CodeHeap 'profiled nmethods': size=120000Kb used=6713Kb max_used=6713Kb free=113286Kb
 bounds [0x000001f2b8020000, 0x000001f2b86b0000, 0x000001f2bf550000]
CodeHeap 'non-nmethods': size=5760Kb used=1174Kb max_used=1224Kb free=4585Kb
 bounds [0x000001f2bf550000, 0x000001f2bf7c0000, 0x000001f2bfaf0000]
 total_blobs=3822 nmethods=3356 adapters=378
 compilation: enabled
              stopped_count=0, restarted_count=0
 full_count=0

Compilation events (20 events):
Event: 5.433 Thread 0x000001f2cdfc6300 3320       1       java.util.Formatter$FormatSpecifier::index (5 bytes)
Event: 5.433 Thread 0x000001f2cdfc6300 nmethod 3320 0x000001f2bfc65710 code [0x000001f2bfc658a0, 0x000001f2bfc65978]
Event: 5.439 Thread 0x000001f2cdfbd850 nmethod 3172 0x000001f2bfc65a10 code [0x000001f2bfc65e40, 0x000001f2bfc69df8]
Event: 5.439 Thread 0x000001f2cdfbd850 3290       4       java.nio.ByteBuffer::array (35 bytes)
Event: 5.440 Thread 0x000001f2cdfbd850 nmethod 3290 0x000001f2bfc6bc10 code [0x000001f2bfc6bd80, 0x000001f2bfc6be38]
Event: 5.440 Thread 0x000001f2cdfbd850 3247       4       org.apache.maven.model.io.xpp3.MavenXpp3Reader::interpolatedTrimmed (16 bytes)
Event: 5.440 Thread 0x000001f2cdfc6300 3322       3       java.util.regex.Pattern$TreeInfo::reset (21 bytes)
Event: 5.440 Thread 0x000001f2cdfc6300 nmethod 3322 0x000001f2b8681c10 code [0x000001f2b8681da0, 0x000001f2b8681eb8]
Event: 5.441 Thread 0x000001f2cdfc6300 3323       1       org.apache.maven.model.DistributionManagement::getStatus (5 bytes)
Event: 5.441 Thread 0x000001f2cdfc6300 nmethod 3323 0x000001f2bfc6bf10 code [0x000001f2bfc6c0a0, 0x000001f2bfc6c178]
Event: 5.442 Thread 0x000001f2cdfc6300 3324       1       org.apache.maven.model.CiManagement::getSystem (5 bytes)
Event: 5.442 Thread 0x000001f2cdfc6300 nmethod 3324 0x000001f2bfc6c210 code [0x000001f2bfc6c3a0, 0x000001f2bfc6c478]
Event: 5.442 Thread 0x000001f2cdfc6300 3325       1       org.apache.maven.model.CiManagement::getUrl (5 bytes)
Event: 5.442 Thread 0x000001f2cdfc6300 nmethod 3325 0x000001f2bfc6c510 code [0x000001f2bfc6c6a0, 0x000001f2bfc6c778]
Event: 5.444 Thread 0x000001f2cdfc6300 3327       1       org.eclipse.aether.DefaultRepositorySystemSession::getUserProperties (5 bytes)
Event: 5.444 Thread 0x000001f2cdfc6300 nmethod 3327 0x000001f2bfc6c810 code [0x000001f2bfc6c9a0, 0x000001f2bfc6ca78]
Event: 5.444 Thread 0x000001f2cdfc6300 3328       1       org.eclipse.aether.DefaultRepositorySystemSession::getSystemProperties (5 bytes)
Event: 5.444 Thread 0x000001f2cdfc6300 nmethod 3328 0x000001f2bfc6cb10 code [0x000001f2bfc6cca0, 0x000001f2bfc6cd78]
Event: 5.445 Thread 0x000001f2cdfc6300 3329       3       java.util.regex.Pattern::sequence (647 bytes)
Event: 5.449 Thread 0x000001f2cdfc6300 nmethod 3329 0x000001f2b8681f90 code [0x000001f2b86825a0, 0x000001f2b8685798]

GC Heap History (6 events):
Event: 1.012 GC heap before
{Heap before GC invocations=0 (full 0):
 garbage-first heap   total 129024K, used 12288K [0x0000000082000000, 0x0000000100000000)
  region size 1024K, 13 young (13312K), 0 survivors (0K)
 Metaspace       used 4045K, committed 4160K, reserved 1056768K
  class space    used 409K, committed 448K, reserved 1048576K
}
Event: 1.029 GC heap after
{Heap after GC invocations=1 (full 0):
 garbage-first heap   total 129024K, used 3335K [0x0000000082000000, 0x0000000100000000)
  region size 1024K, 2 young (2048K), 2 survivors (2048K)
 Metaspace       used 4045K, committed 4160K, reserved 1056768K
  class space    used 409K, committed 448K, reserved 1048576K
}
Event: 1.714 GC heap before
{Heap before GC invocations=1 (full 0):
 garbage-first heap   total 129024K, used 15623K [0x0000000082000000, 0x0000000100000000)
  region size 1024K, 14 young (14336K), 2 survivors (2048K)
 Metaspace       used 5984K, committed 6208K, reserved 1056768K
  class space    used 687K, committed 832K, reserved 1048576K
}
Event: 1.719 GC heap after
{Heap after GC invocations=2 (full 0):
 garbage-first heap   total 129024K, used 4525K [0x0000000082000000, 0x0000000100000000)
  region size 1024K, 1 young (1024K), 1 survivors (1024K)
 Metaspace       used 5984K, committed 6208K, reserved 1056768K
  class space    used 687K, committed 832K, reserved 1048576K
}
Event: 3.455 GC heap before
{Heap before GC invocations=2 (full 0):
 garbage-first heap   total 129024K, used 34221K [0x0000000082000000, 0x0000000100000000)
  region size 1024K, 30 young (30720K), 1 survivors (1024K)
 Metaspace       used 10938K, committed 11072K, reserved 1064960K
  class space    used 1324K, committed 1408K, reserved 1048576K
}
Event: 3.460 GC heap after
{Heap after GC invocations=3 (full 0):
 garbage-first heap   total 129024K, used 6247K [0x0000000082000000, 0x0000000100000000)
  region size 1024K, 3 young (3072K), 3 survivors (3072K)
 Metaspace       used 10938K, committed 11072K, reserved 1064960K
  class space    used 1324K, committed 1408K, reserved 1048576K
}

Deoptimization events (20 events):
Event: 5.145 Thread 0x000001f2b079d520 Uncommon trap: trap_request=0xffffffbe fr.pc=0x000001f2bfc4d580 relative=0x0000000000001880
Event: 5.145 Thread 0x000001f2b079d520 Uncommon trap: reason=profile_predicate action=maybe_recompile pc=0x000001f2bfc4d580 method=java.util.regex.Pattern$CharPropertyGreedy.match(Ljava/util/regex/Matcher;ILjava/lang/CharSequence;)Z @ 15 c2
Event: 5.145 Thread 0x000001f2b079d520 DEOPT PACKING pc=0x000001f2bfc4d580 sp=0x000000e3606fbf00
Event: 5.145 Thread 0x000001f2b079d520 DEOPT UNPACKING pc=0x000001f2bf5a23a3 sp=0x000000e3606fbe90 mode 2
Event: 5.177 Thread 0x000001f2b079d520 DEOPT PACKING pc=0x000001f2b84ce384 sp=0x000000e3606fbdb0
Event: 5.177 Thread 0x000001f2b079d520 DEOPT UNPACKING pc=0x000001f2bf5a2b43 sp=0x000000e3606fb308 mode 0
Event: 5.380 Thread 0x000001f2b079d520 Uncommon trap: trap_request=0xffffffc6 fr.pc=0x000001f2bfc33030 relative=0x0000000000001cf0
Event: 5.380 Thread 0x000001f2b079d520 Uncommon trap: reason=bimorphic_or_optimized_type_check action=maybe_recompile pc=0x000001f2bfc33030 method=java.util.HashMap.putVal(ILjava/lang/Object;Ljava/lang/Object;ZZ)Ljava/lang/Object; @ 203 c2
Event: 5.380 Thread 0x000001f2b079d520 DEOPT PACKING pc=0x000001f2bfc33030 sp=0x000000e3606fd0c0
Event: 5.380 Thread 0x000001f2b079d520 DEOPT UNPACKING pc=0x000001f2bf5a23a3 sp=0x000000e3606fd070 mode 2
Event: 5.397 Thread 0x000001f2b079d520 Uncommon trap: trap_request=0xffffffcc fr.pc=0x000001f2bfc57424 relative=0x0000000000000204
Event: 5.397 Thread 0x000001f2b079d520 Uncommon trap: reason=intrinsic_or_type_checked_inlining action=make_not_entrant pc=0x000001f2bfc57424 method=java.util.Arrays.copyOf([Ljava/lang/Object;ILjava/lang/Class;)[Ljava/lang/Object; @ 35 c2
Event: 5.397 Thread 0x000001f2b079d520 DEOPT PACKING pc=0x000001f2bfc57424 sp=0x000000e3606fc3d0
Event: 5.397 Thread 0x000001f2b079d520 DEOPT UNPACKING pc=0x000001f2bf5a23a3 sp=0x000000e3606fc360 mode 2
Event: 5.409 Thread 0x000001f2b079d520 DEOPT PACKING pc=0x000001f2b80a4e4b sp=0x000000e3606fc440
Event: 5.409 Thread 0x000001f2b079d520 DEOPT UNPACKING pc=0x000001f2bf5a2b43 sp=0x000000e3606fb960 mode 0
Event: 5.423 Thread 0x000001f2b079d520 Uncommon trap: trap_request=0xffffffc6 fr.pc=0x000001f2bfc33030 relative=0x0000000000001cf0
Event: 5.424 Thread 0x000001f2b079d520 Uncommon trap: reason=bimorphic_or_optimized_type_check action=maybe_recompile pc=0x000001f2bfc33030 method=java.util.HashMap.putVal(ILjava/lang/Object;Ljava/lang/Object;ZZ)Ljava/lang/Object; @ 203 c2
Event: 5.424 Thread 0x000001f2b079d520 DEOPT PACKING pc=0x000001f2bfc33030 sp=0x000000e3606fc640
Event: 5.424 Thread 0x000001f2b079d520 DEOPT UNPACKING pc=0x000001f2bf5a23a3 sp=0x000000e3606fc5f0 mode 2

Classes unloaded (0 events):
No events

Classes redefined (0 events):
No events

Internal exceptions (10 events):
Event: 0.178 Thread 0x000001f2ced1e910 Exception <a 'java/lang/NoSuchMethodError'{0x0000000089ccca48}: 'java.lang.Object java.lang.invoke.DirectMethodHandle$Holder.invokeStaticInit(java.lang.Object)'> (0x0000000089ccca48) 
thrown [s\open\src\hotspot\share\interpreter\linkResolver.cpp, line 759]
Event: 0.188 Thread 0x000001f2ced1e910 Exception <a 'java/lang/NoSuchMethodError'{0x0000000089cda788}: 'void java.lang.invoke.DirectMethodHandle$Holder.invokeStatic(java.lang.Object, java.lang.Object)'> (0x0000000089cda788) 
thrown [s\open\src\hotspot\share\interpreter\linkResolver.cpp, line 759]
Event: 0.340 Thread 0x000001f2b079d520 Exception <a 'java/lang/NoSuchMethodError'{0x000000008980f858}: 'java.lang.Object java.lang.invoke.DirectMethodHandle$Holder.invokeStaticInit(java.lang.Object, int, int, int, int)'> (0x000000008980f858) 
thrown [s\open\src\hotspot\share\interpreter\linkResolver.cpp, line 759]
Event: 0.484 Thread 0x000001f2b079d520 Exception <a 'java/lang/NoSuchMethodError'{0x00000000898d22f8}: 'java.lang.Object java.lang.invoke.DirectMethodHandle$Holder.invokeStaticInit(java.lang.Object, java.lang.Object, int, int, int, int)'> (0x00000000898d22f8) 
thrown [s\open\src\hotspot\share\interpreter\linkResolver.cpp, line 759]
Event: 1.347 Thread 0x000001f2b079d520 Exception <a 'java/lang/NoSuchMethodError'{0x0000000089ad7468}: 'java.lang.Object java.lang.invoke.DirectMethodHandle$Holder.newInvokeSpecial(java.lang.Object, java.lang.Object, java.lang.Object, java.lang.Object, java.lang.Object)'> (0x0000000089ad7468) 
thrown [s\open\src\hotspot\share\interpreter\linkResolver.cpp, line 759]
Event: 3.417 Thread 0x000001f2b079d520 Exception <a 'java/lang/NoClassDefFoundError'{0x000000008805bb08}: com/google/inject/servlet/ServletModuleTargetVisitor> (0x000000008805bb08) 
thrown [s\open\src\hotspot\share\classfile\systemDictionary.cpp, line 245]
Event: 3.429 Thread 0x000001f2b079d520 Exception <a 'java/lang/NoClassDefFoundError'{0x000000008805d7d0}: javax/annotation/Priority> (0x000000008805d7d0) 
thrown [s\open\src\hotspot\share\classfile\systemDictionary.cpp, line 245]
Event: 4.088 Thread 0x000001f2b079d520 Implicit null exception at 0x000001f2bfb1c872 to 0x000001f2bfb1ce8c
Event: 4.088 Thread 0x000001f2b079d520 Implicit null exception at 0x000001f2bfb19f72 to 0x000001f2bfb1a5ac
Event: 4.844 Thread 0x000001f2b079d520 Exception <a 'java/lang/NoSuchMethodError'{0x0000000087751668}: 'void java.lang.invoke.DirectMethodHandle$Holder.invokeInterface(java.lang.Object, java.lang.Object, java.lang.Object)'> (0x0000000087751668) 
thrown [s\open\src\hotspot\share\interpreter\linkResolver.cpp, line 759]

VM Operations (20 events):
Event: 3.087 Executing VM operation: Cleanup
Event: 3.087 Executing VM operation: Cleanup done
Event: 3.089 Executing VM operation: HandshakeAllThreads
Event: 3.089 Executing VM operation: HandshakeAllThreads done
Event: 3.371 Executing VM operation: HandshakeAllThreads
Event: 3.371 Executing VM operation: HandshakeAllThreads done
Event: 3.455 Executing VM operation: G1CollectForAllocation
Event: 3.460 Executing VM operation: G1CollectForAllocation done
Event: 3.753 Executing VM operation: HandshakeAllThreads
Event: 3.753 Executing VM operation: HandshakeAllThreads done
Event: 3.873 Executing VM operation: HandshakeAllThreads
Event: 3.873 Executing VM operation: HandshakeAllThreads done
Event: 3.874 Executing VM operation: HandshakeAllThreads
Event: 3.874 Executing VM operation: HandshakeAllThreads done
Event: 4.154 Executing VM operation: ICBufferFull
Event: 4.155 Executing VM operation: ICBufferFull done
Event: 4.818 Executing VM operation: HandshakeAllThreads
Event: 4.818 Executing VM operation: HandshakeAllThreads done
Event: 4.829 Executing VM operation: ICBufferFull
Event: 4.830 Executing VM operation: ICBufferFull done

Events (20 events):
Event: 4.665 loading class sun/nio/cs/ISO_8859_1$Decoder
Event: 4.666 loading class sun/nio/cs/ISO_8859_1$Decoder done
Event: 4.729 loading class org/w3c/dom/Node
Event: 4.730 loading class org/w3c/dom/Node done
Event: 4.731 loading class javax/xml/parsers/ParserConfigurationException
Event: 4.731 loading class javax/xml/parsers/ParserConfigurationException done
Event: 4.731 loading class org/xml/sax/SAXException
Event: 4.731 loading class org/xml/sax/SAXException done
Event: 4.733 loading class org/w3c/dom/Document
Event: 4.734 loading class org/w3c/dom/Document done
Event: 4.734 loading class org/w3c/dom/Element
Event: 4.734 loading class org/w3c/dom/Element done
Event: 4.807 loading class java/net/URISyntaxException
Event: 4.807 loading class java/net/URISyntaxException done
Event: 4.838 loading class jdk/internal/reflect/UnsafeBooleanFieldAccessorImpl
Event: 4.839 loading class jdk/internal/reflect/UnsafeBooleanFieldAccessorImpl done
Event: 4.845 loading class sun/invoke/util/VerifyAccess$1
Event: 4.845 loading class sun/invoke/util/VerifyAccess$1 done
Event: 5.205 loading class java/util/Collections$UnmodifiableList$1
Event: 5.206 loading class java/util/Collections$UnmodifiableList$1 done


Dynamic libraries:
0x00007ff6cd110000 - 0x00007ff6cd120000 	C:\Program Files\Java\jdk-17\bin\java.exe
0x00007ff97e4b0000 - 0x00007ff97e6c4000 	C:\WINDOWS\SYSTEM32\ntdll.dll
0x00007ff97c390000 - 0x00007ff97c452000 	C:\WINDOWS\System32\KERNEL32.DLL
0x00007ff97b920000 - 0x00007ff97bcc3000 	C:\WINDOWS\System32\KERNELBASE.dll
0x00007ff97c170000 - 0x00007ff97c281000 	C:\WINDOWS\System32\ucrtbase.dll
0x00007ff95d780000 - 0x00007ff95d798000 	C:\Program Files\Java\jdk-17\bin\jli.dll
0x00007ff95cf10000 - 0x00007ff95cf2b000 	C:\Program Files\Java\jdk-17\bin\VCRUNTIME140.dll
0x00007ff97c610000 - 0x00007ff97c6be000 	C:\WINDOWS\System32\ADVAPI32.dll
0x00007ff97cfc0000 - 0x00007ff97d067000 	C:\WINDOWS\System32\msvcrt.dll
0x00007ff97cf10000 - 0x00007ff97cfb4000 	C:\WINDOWS\System32\sechost.dll
0x00007ff97daf0000 - 0x00007ff97dc07000 	C:\WINDOWS\System32\RPCRT4.dll
0x00007ff97c460000 - 0x00007ff97c60b000 	C:\WINDOWS\System32\USER32.dll
0x00007ff97bf30000 - 0x00007ff97bf56000 	C:\WINDOWS\System32\win32u.dll
0x00007ff97d210000 - 0x00007ff97d239000 	C:\WINDOWS\System32\GDI32.dll
0x00007ff97bcd0000 - 0x00007ff97bde9000 	C:\WINDOWS\System32\gdi32full.dll
0x00007ff97c0d0000 - 0x00007ff97c16a000 	C:\WINDOWS\System32\msvcp_win.dll
0x00007ff964360000 - 0x00007ff9645ee000 	C:\WINDOWS\WinSxS\amd64_microsoft.windows.common-controls_6595b64144ccf1df_6.0.22621.1635_none_270f70857386168e\COMCTL32.dll
0x00007ff96d8b0000 - 0x00007ff96d8ba000 	C:\WINDOWS\SYSTEM32\VERSION.dll
0x00007ff97c6c0000 - 0x00007ff97c6f1000 	C:\WINDOWS\System32\IMM32.DLL
0x00007ff95d760000 - 0x00007ff95d76c000 	C:\Program Files\Java\jdk-17\bin\vcruntime140_1.dll
0x00007ff946280000 - 0x00007ff94630e000 	C:\Program Files\Java\jdk-17\bin\msvcp140.dll
0x00007ff923b00000 - 0x00007ff9246d7000 	C:\Program Files\Java\jdk-17\bin\server\jvm.dll
0x00007ff97cdc0000 - 0x00007ff97cdc8000 	C:\WINDOWS\System32\PSAPI.DLL
0x00007ff95b0d0000 - 0x00007ff95b0d9000 	C:\WINDOWS\SYSTEM32\WSOCK32.dll
0x00007ff97c310000 - 0x00007ff97c381000 	C:\WINDOWS\System32\WS2_32.dll
0x00007ff973040000 - 0x00007ff973074000 	C:\WINDOWS\SYSTEM32\WINMM.dll
0x00007ff97a9b0000 - 0x00007ff97a9c8000 	C:\WINDOWS\SYSTEM32\kernel.appcore.dll
0x00007ff95d660000 - 0x00007ff95d66a000 	C:\Program Files\Java\jdk-17\bin\jimage.dll
0x00007ff979320000 - 0x00007ff97954e000 	C:\WINDOWS\SYSTEM32\DBGHELP.DLL
0x00007ff97d500000 - 0x00007ff97d889000 	C:\WINDOWS\System32\combase.dll
0x00007ff97d890000 - 0x00007ff97d967000 	C:\WINDOWS\System32\OLEAUT32.dll
0x00007ff95ab60000 - 0x00007ff95ab92000 	C:\WINDOWS\SYSTEM32\dbgcore.DLL
0x00007ff97beb0000 - 0x00007ff97bf2b000 	C:\WINDOWS\System32\bcryptPrimitives.dll
0x00007ff973c60000 - 0x00007ff973c6e000 	C:\Program Files\Java\jdk-17\bin\instrument.dll
0x00007ff94d760000 - 0x00007ff94d785000 	C:\Program Files\Java\jdk-17\bin\java.dll
0x00007ff945960000 - 0x00007ff945a37000 	C:\Program Files\Java\jdk-17\bin\jsvml.dll
0x00007ff97dc10000 - 0x00007ff97e40a000 	C:\WINDOWS\System32\SHELL32.dll
0x00007ff979820000 - 0x00007ff97a0ee000 	C:\WINDOWS\SYSTEM32\windows.storage.dll
0x00007ff9796e0000 - 0x00007ff97981e000 	C:\WINDOWS\SYSTEM32\wintypes.dll
0x00007ff97d400000 - 0x00007ff97d4f1000 	C:\WINDOWS\System32\SHCORE.dll
0x00007ff97e410000 - 0x00007ff97e46e000 	C:\WINDOWS\System32\shlwapi.dll
0x00007ff97b7e0000 - 0x00007ff97b801000 	C:\WINDOWS\SYSTEM32\profapi.dll
0x00007ff9484e0000 - 0x00007ff9484f8000 	C:\Program Files\Java\jdk-17\bin\zip.dll
0x00007ff9546a0000 - 0x00007ff9546b9000 	C:\Program Files\Java\jdk-17\bin\net.dll
0x00007ff971040000 - 0x00007ff971177000 	C:\WINDOWS\SYSTEM32\WINHTTP.dll
0x00007ff97ae20000 - 0x00007ff97ae89000 	C:\WINDOWS\system32\mswsock.dll
0x00007ff9537e0000 - 0x00007ff9537f6000 	C:\Program Files\Java\jdk-17\bin\nio.dll
0x00007ff935de0000 - 0x00007ff935dfa000 	C:\Program Files\JetBrains\IntelliJ IDEA Community Edition 2022.3.2\bin\breakgen64.dll
0x00007ff95c7c0000 - 0x00007ff95c7d0000 	C:\Program Files\Java\jdk-17\bin\verify.dll
0x00007ff97b0c0000 - 0x00007ff97b0db000 	C:\WINDOWS\SYSTEM32\CRYPTSP.dll
0x00007ff97a920000 - 0x00007ff97a955000 	C:\WINDOWS\system32\rsaenh.dll
0x00007ff97af40000 - 0x00007ff97af68000 	C:\WINDOWS\SYSTEM32\USERENV.dll
0x00007ff97b280000 - 0x00007ff97b2a8000 	C:\WINDOWS\SYSTEM32\bcrypt.dll
0x00007ff97b0e0000 - 0x00007ff97b0ec000 	C:\WINDOWS\SYSTEM32\CRYPTBASE.dll
0x00007ff97a340000 - 0x00007ff97a36d000 	C:\WINDOWS\SYSTEM32\IPHLPAPI.DLL
0x00007ff97ce50000 - 0x00007ff97ce59000 	C:\WINDOWS\System32\NSI.dll
0x00007ff971020000 - 0x00007ff971039000 	C:\WINDOWS\SYSTEM32\dhcpcsvc6.DLL
0x00007ff971000000 - 0x00007ff97101f000 	C:\WINDOWS\SYSTEM32\dhcpcsvc.DLL
0x00007ff97a370000 - 0x00007ff97a463000 	C:\WINDOWS\SYSTEM32\DNSAPI.dll
0x00007ff95dd90000 - 0x00007ff95dd9a000 	C:\Users\rahul\AppData\Local\Temp\jansi-1.17.1-806131742807584174.dll

dbghelp: loaded successfully - version: 4.0.5 - missing functions: none
symbol engine: initialized successfully - sym options: 0x614 - pdb path: .;C:\Program Files\Java\jdk-17\bin;C:\WINDOWS\SYSTEM32;C:\WINDOWS\WinSxS\amd64_microsoft.windows.common-controls_6595b64144ccf1df_6.0.22621.1635_none_270f70857386168e;C:\Program Files\Java\jdk-17\bin\server;C:\Program Files\JetBrains\IntelliJ IDEA Community Edition 2022.3.2\bin;C:\Users\rahul\AppData\Local\Temp

VM Arguments:
jvm_args: -Dmaven.multiModuleProjectDirectory=D:\Spring and microsevice project\microservices-new -Djansi.passthrough=true -Dmaven.home=C:\Program Files\JetBrains\IntelliJ IDEA Community Edition 2022.3.2\plugins\maven\lib\maven3 -Dclassworlds.conf=C:\Program Files\JetBrains\IntelliJ IDEA Community Edition 2022.3.2\plugins\maven\lib\maven3\bin\m2.conf -Dmaven.ext.class.path=C:\Program Files\JetBrains\IntelliJ IDEA Community Edition 2022.3.2\plugins\maven\lib\maven-event-listener.jar -javaagent:C:\Program Files\JetBrains\IntelliJ IDEA Community Edition 2022.3.2\lib\idea_rt.jar=52216:C:\Program Files\JetBrains\IntelliJ IDEA Community Edition 2022.3.2\bin -Dfile.encoding=UTF-8 
java_command: org.codehaus.classworlds.Launcher -Didea.version=2022.3.2 clean verify
java_class_path (initial): C:\Program Files\JetBrains\IntelliJ IDEA Community Edition 2022.3.2\plugins\maven\lib\maven3\boot\plexus-classworlds-2.6.0.jar;C:\Program Files\JetBrains\IntelliJ IDEA Community Edition 2022.3.2\plugins\maven\lib\maven3\boot\plexus-classworlds.license
Launcher Type: SUN_STANDARD

[Global flags]
     intx CICompilerCount                          = 3                                         {product} {ergonomic}
     uint ConcGCThreads                            = 1                                         {product} {ergonomic}
     uint G1ConcRefinementThreads                  = 4                                         {product} {ergonomic}
   size_t G1HeapRegionSize                         = 1048576                                   {product} {ergonomic}
    uintx GCDrainStackTargetSize                   = 64                                        {product} {ergonomic}
   size_t InitialHeapSize                          = 132120576                                 {product} {ergonomic}
   size_t MarkStackSize                            = 4194304                                   {product} {ergonomic}
   size_t MaxHeapSize                              = 2113929216                                {product} {ergonomic}
   size_t MaxNewSize                               = 1267728384                                {product} {ergonomic}
   size_t MinHeapDeltaBytes                        = 1048576                                   {product} {ergonomic}
   size_t MinHeapSize                              = 8388608                                   {product} {ergonomic}
    uintx NonNMethodCodeHeapSize                   = 5832780                                {pd product} {ergonomic}
    uintx NonProfiledCodeHeapSize                  = 122912730                              {pd product} {ergonomic}
    uintx ProfiledCodeHeapSize                     = 122912730                              {pd product} {ergonomic}
    uintx ReservedCodeCacheSize                    = 251658240                              {pd product} {ergonomic}
     bool SegmentedCodeCache                       = true                                      {product} {ergonomic}
   size_t SoftMaxHeapSize                          = 2113929216                             {manageable} {ergonomic}
     bool UseCompressedClassPointers               = true                           {product lp64_product} {ergonomic}
     bool UseCompressedOops                        = true                           {product lp64_product} {ergonomic}
     bool UseG1GC                                  = true                                      {product} {ergonomic}
     bool UseLargePagesIndividualAllocation        = false                                  {pd product} {ergonomic}

Logging:
Log output configuration:
 #0: stdout all=warning uptime,level,tags
 #1: stderr all=off uptime,level,tags

Environment Variables:
PATH=C:\Program Files\Common Files\Oracle\Java\javapath;C:\WINDOWS\system32;C:\WINDOWS;C:\WINDOWS\System32\Wbem;C:\WINDOWS\System32\WindowsPowerShell\v1.0\;C:\WINDOWS\System32\OpenSSH\;C:\FingerprintSensors\SMARTCHIP_DLL;C:\TURBOC3\LIB\;C:\TURBOC3\INCLUDE\;C:\Program Files\Git\cmd;C:\apache-maven-3.9.0\bin;C:\Program Files\Docker\Docker\resources\bin;C:\Program Files\MongoDB\Server\6.0\bin;C:\mongosh-1.8.0\bin;C:\Program Files\nodejs\;C:\Program Files\dotnet\;C:\Program Files\php-8.2.9;C:\composer;C:\Program Files\MySQL\MySQL Shell 8.0\bin\;C:\Users\rahul\AppData\Local\Microsoft\WindowsApps;;C:\Program Files\JetBrains\IntelliJ IDEA Community Edition 2022.3.2\bin;;C:\Users\rahul\AppData\Local\Programs\Microsoft VS Code\bin;C:\Users\rahul\AppData\Roaming\npm;C:\Users\rahul\.dotnet\tools;C:\Users\rahul\AppData\Roaming\Composer\vendor\bin
USERNAME=rahul
OS=Windows_NT
PROCESSOR_IDENTIFIER=Intel64 Family 6 Model 142 Stepping 10, GenuineIntel



---------------  S Y S T E M  ---------------

OS:
 Windows 11 , 64 bit Build 22621 (10.0.22621.1778)
OS uptime: 2 days 8:03 hours
Hyper-V role detected

CPU: total 4 (initial active 4) (2 cores per cpu, 2 threads per core) family 6 model 142 stepping 10 microcode 0xe0, cx8, cmov, fxsr, ht, mmx, 3dnowpref, sse, sse2, sse3, ssse3, sse4.1, sse4.2, popcnt, lzcnt, tsc, tscinvbit, avx, avx2, aes, erms, clmul, bmi1, bmi2, adx, fma, vzeroupper, clflush, clflushopt, hv

Memory: 4k page, system-wide physical 8060M (346M free)
TotalPageFile size 21453M (AvailPageFile size 4M)
current process WorkingSet (physical memory assigned to process): 163M, peak: 163M
current process commit charge ("private bytes"): 255M, peak: 255M

vm_info: Java HotSpot(TM) 64-Bit Server VM (17.0.6+9-LTS-190) for windows-amd64 JRE (17.0.6+9-LTS-190), built on Dec  6 2022 15:53:54 by "mach5one" with MS VC++ 17.1 (VS2022)

END.
