#
# There is insufficient memory for the Java Runtime Environment to continue.
# Native memory allocation (malloc) failed to allocate 32744 bytes for ChunkPool::allocate
# Possible reasons:
#   The system is out of physical RAM or swap space
#   The process is running with CompressedOops enabled, and the Java Heap may be blocking the growth of the native heap
# Possible solutions:
#   Reduce memory load on the system
#   Increase physical memory or swap space
#   Check if swap backing store is full
#   Decrease Java heap size (-Xmx/-Xms)
#   Decrease number of Java threads
#   Decrease Java thread stack sizes (-Xss)
#   Set larger code cache with -XX:ReservedCodeCacheSize=
#   JVM is running with Unscaled Compressed Oops mode in which the Java heap is
#     placed in the first 4GB address space. The Java Heap base address is the
#     maximum limit for the native heap growth. Please use -XX:HeapBaseMinAddress
#     to set the Java Heap base and to place the Java Heap above 4GB virtual address.
# This output file may be truncated or incomplete.
#
#  Out of Memory Error (arena.cpp:78), pid=21716, tid=18016
#
# JRE version: Java(TM) SE Runtime Environment (17.0.6+9) (build 17.0.6+9-LTS-190)
# Java VM: Java HotSpot(TM) 64-Bit Server VM (17.0.6+9-LTS-190, mixed mode, sharing, tiered, compressed oops, compressed class ptrs, g1 gc, windows-amd64)
# No core dump will be written. Minidumps are not enabled by default on client versions of Windows
#

---------------  S U M M A R Y ------------

Command Line: C:\Users\rahul\AppData\Local\Temp\surefire13011218073176536298\surefirebooter10645157644193274610.jar C:\Users\rahul\AppData\Local\Temp\surefire13011218073176536298 2023-08-05T22-20-05_802-jvmRun1 surefire8895484563710998096tmp surefire_015787627663136792158tmp

Host: Intel(R) Core(TM) i3-8130U CPU @ 2.20GHz, 4 cores, 7G,  Windows 11 , 64 bit Build 22621 (10.0.22621.1778)
Time: Sat Aug  5 22:20:37 2023 India Standard Time elapsed time: 30.616488 seconds (0d 0h 0m 30s)

---------------  T H R E A D  ---------------

Current thread (0x000001df7f07cbc0):  JavaThread "C2 CompilerThread0" daemon [_thread_in_native, id=18016, stack(0x000000baedb00000,0x000000baedc00000)]


Current CompileTask:
C2:  30616 2949       4       ch.qos.logback.classic.Logger::callAppenders (47 bytes)

Stack: [0x000000baedb00000,0x000000baedc00000]
Native frames: (J=compiled Java code, j=interpreted, Vv=VM code, C=native code)
V  [jvm.dll+0x6734ea]
V  [jvm.dll+0x7d18f4]
V  [jvm.dll+0x7d309e]
V  [jvm.dll+0x7d3703]
V  [jvm.dll+0x2433c5]
V  [jvm.dll+0xaa6c0]
V  [jvm.dll+0xaaa0c]
V  [jvm.dll+0x650b10]
V  [jvm.dll+0x591f10]
V  [jvm.dll+0x590068]
V  [jvm.dll+0x58f91a]
V  [jvm.dll+0x57c743]
V  [jvm.dll+0x21e142]
V  [jvm.dll+0x2177c5]
V  [jvm.dll+0x215109]
V  [jvm.dll+0x1a1730]
V  [jvm.dll+0x224b6e]
V  [jvm.dll+0x222f15]
V  [jvm.dll+0x78753c]
V  [jvm.dll+0x781a7a]
V  [jvm.dll+0x672375]
C  [ucrtbase.dll+0x29363]
C  [KERNEL32.DLL+0x126ad]
C  [ntdll.dll+0x5a9f8]


---------------  P R O C E S S  ---------------

Threads class SMR info:
_java_thread_list=0x000001df1b78d610, length=22, elements={
0x000001df7bf9b880, 0x000001df7f05c6e0, 0x000001df7f05d940, 0x000001df7f075c20,
0x000001df7f07a600, 0x000001df7f07aec0, 0x000001df7f07b780, 0x000001df7f07cbc0,
0x000001df7f082150, 0x000001df7f0fe0e0, 0x000001df7fccfa10, 0x000001df7fcd4180,
0x000001df7fcfc560, 0x000001df7fe05010, 0x000001df1b72c6f0, 0x000001df1b729230,
0x000001df1b729700, 0x000001df1cd0d230, 0x000001df1cd0d700, 0x000001df1cd0ba20,
0x000001df1cd0b550, 0x000001df1cd0e0a0
}

Java Threads: ( => current thread )
  0x000001df7bf9b880 JavaThread "main" [_thread_blocked, id=14892, stack(0x000000baece00000,0x000000baecf00000)]
  0x000001df7f05c6e0 JavaThread "Reference Handler" daemon [_thread_blocked, id=28164, stack(0x000000baed500000,0x000000baed600000)]
  0x000001df7f05d940 JavaThread "Finalizer" daemon [_thread_blocked, id=8368, stack(0x000000baed600000,0x000000baed700000)]
  0x000001df7f075c20 JavaThread "Signal Dispatcher" daemon [_thread_blocked, id=23132, stack(0x000000baed700000,0x000000baed800000)]
  0x000001df7f07a600 JavaThread "Attach Listener" daemon [_thread_blocked, id=19096, stack(0x000000baed800000,0x000000baed900000)]
  0x000001df7f07aec0 JavaThread "Service Thread" daemon [_thread_blocked, id=14312, stack(0x000000baed900000,0x000000baeda00000)]
  0x000001df7f07b780 JavaThread "Monitor Deflation Thread" daemon [_thread_blocked, id=21004, stack(0x000000baeda00000,0x000000baedb00000)]
=>0x000001df7f07cbc0 JavaThread "C2 CompilerThread0" daemon [_thread_in_native, id=18016, stack(0x000000baedb00000,0x000000baedc00000)]
  0x000001df7f082150 JavaThread "C1 CompilerThread0" daemon [_thread_blocked, id=5364, stack(0x000000baedc00000,0x000000baedd00000)]
  0x000001df7f0fe0e0 JavaThread "Sweeper thread" daemon [_thread_blocked, id=14624, stack(0x000000baedd00000,0x000000baede00000)]
  0x000001df7fccfa10 JavaThread "Notification Thread" daemon [_thread_blocked, id=23916, stack(0x000000baede00000,0x000000baedf00000)]
  0x000001df7fcd4180 JavaThread "Common-Cleaner" daemon [_thread_blocked, id=17592, stack(0x000000baee000000,0x000000baee100000)]
  0x000001df7fcfc560 JavaThread "surefire-forkedjvm-command-thread" daemon [_thread_in_native, id=9048, stack(0x000000baee100000,0x000000baee200000)]
  0x000001df7fe05010 JavaThread "surefire-forkedjvm-ping-30s" daemon [_thread_in_native, id=4156, stack(0x000000baee200000,0x000000baee300000)]
  0x000001df1b72c6f0 JavaThread "Thread-0" daemon [_thread_in_native, id=4988, stack(0x000000baee800000,0x000000baee900000)]
  0x000001df1b729230 JavaThread "Thread-1" daemon [_thread_in_native, id=12264, stack(0x000000baee900000,0x000000baeea00000)]
  0x000001df1b729700 JavaThread "Thread-2" daemon [_thread_in_native, id=27604, stack(0x000000baeea00000,0x000000baeeb00000)]
  0x000001df1cd0d230 JavaThread "Thread-3" daemon [_thread_in_native, id=13392, stack(0x000000baeeb00000,0x000000baeec00000)]
  0x000001df1cd0d700 JavaThread "Thread-4" daemon [_thread_in_native, id=872, stack(0x000000baeec00000,0x000000baeed00000)]
  0x000001df1cd0ba20 JavaThread "Thread-9" daemon [_thread_blocked, id=4960, stack(0x000000baeed00000,0x000000baeee00000)]
  0x000001df1cd0b550 JavaThread "Thread-10" daemon [_thread_blocked, id=20712, stack(0x000000baeee00000,0x000000baeef00000)]
  0x000001df1cd0e0a0 JavaThread "testcontainers-ryuk" daemon [_thread_blocked, id=19424, stack(0x000000baee700000,0x000000baee800000)]

Other Threads:
  0x000001df7f056590 VMThread "VM Thread" [stack: 0x000000baed400000,0x000000baed500000] [id=18764]
  0x000001df7fccfee0 WatcherThread [stack: 0x000000baedf00000,0x000000baee000000] [id=20192]
  0x000001df7bff7690 GCTaskThread "GC Thread#0" [stack: 0x000000baecf00000,0x000000baed000000] [id=19932]
  0x000001df1a960060 GCTaskThread "GC Thread#1" [stack: 0x000000baee300000,0x000000baee400000] [id=25048]
  0x000001df1a960310 GCTaskThread "GC Thread#2" [stack: 0x000000baee400000,0x000000baee500000] [id=10840]
  0x000001df1ada53b0 GCTaskThread "GC Thread#3" [stack: 0x000000baee500000,0x000000baee600000] [id=19484]
  0x000001df7c0080e0 ConcurrentGCThread "G1 Main Marker" [stack: 0x000000baed000000,0x000000baed100000] [id=22720]
  0x000001df7c008b60 ConcurrentGCThread "G1 Conc#0" [stack: 0x000000baed100000,0x000000baed200000] [id=29656]
  0x000001df7c06d240 ConcurrentGCThread "G1 Refine#0" [stack: 0x000000baed200000,0x000000baed300000] [id=9796]
  0x000001df1a9605c0 ConcurrentGCThread "G1 Refine#1" [stack: 0x000000baee600000,0x000000baee700000] [id=17288]
  0x000001df7c06eb80 ConcurrentGCThread "G1 Service" [stack: 0x000000baed300000,0x000000baed400000] [id=19176]

Threads with active compile tasks:
C2 CompilerThread0    30675 2949       4       ch.qos.logback.classic.Logger::callAppenders (47 bytes)

VM state: not at safepoint (normal execution)

VM Mutex/Monitor currently owned by a thread: None

Heap address: 0x0000000082000000, size: 2016 MB, Compressed Oops mode: 32-bit

CDS archive(s) mapped at: [0x0000000800000000-0x0000000800bd0000-0x0000000800bd0000), size 12386304, SharedBaseAddress: 0x0000000800000000, ArchiveRelocationMode: 0.
Compressed class space mapped at: 0x0000000800c00000-0x0000000840c00000, reserved size: 1073741824
Narrow klass base: 0x0000000800000000, Narrow klass shift: 0, Narrow klass range: 0x100000000

GC Precious Log:
 CPUs: 4 total, 4 available
 Memory: 8060M
 Large Page Support: Disabled
 NUMA Support: Disabled
 Compressed Oops: Enabled (32-bit)
 Heap Region Size: 1M
 Heap Min Capacity: 8M
 Heap Initial Capacity: 126M
 Heap Max Capacity: 2016M
 Pre-touch: Disabled
 Parallel Workers: 4
 Concurrent Workers: 1
 Concurrent Refinement Workers: 4
 Periodic GC: Disabled

Heap:
 garbage-first heap   total 129024K, used 73450K [0x0000000082000000, 0x0000000100000000)
  region size 1024K, 65 young (66560K), 2 survivors (2048K)
 Metaspace       used 21112K, committed 21376K, reserved 1073152K
  class space    used 2569K, committed 2688K, reserved 1048576K

Heap Regions: E=young(eden), S=young(survivor), O=old, HS=humongous(starts), HC=humongous(continues), CS=collection set, F=free, OA=open archive, CA=closed archive, TAMS=top-at-mark-start (previous, next)
|   0|0x0000000082000000, 0x0000000082100000, 0x0000000082100000|100%|HS|  |TAMS 0x0000000082000000, 0x0000000082000000| Complete 
|   1|0x0000000082100000, 0x0000000082200000, 0x0000000082200000|100%|HC|  |TAMS 0x0000000082100000, 0x0000000082100000| Complete 
|   2|0x0000000082200000, 0x0000000082300000, 0x0000000082300000|100%| O|  |TAMS 0x0000000082200000, 0x0000000082200000| Untracked 
|   3|0x0000000082300000, 0x0000000082400000, 0x0000000082400000|100%| O|  |TAMS 0x0000000082300000, 0x0000000082300000| Untracked 
|   4|0x0000000082400000, 0x0000000082500000, 0x0000000082500000|100%| O|  |TAMS 0x0000000082400000, 0x0000000082400000| Untracked 
|   5|0x0000000082500000, 0x0000000082600000, 0x0000000082600000|100%| O|  |TAMS 0x0000000082500000, 0x0000000082500000| Untracked 
|   6|0x0000000082600000, 0x0000000082700000, 0x0000000082700000|100%| O|  |TAMS 0x0000000082600000, 0x0000000082600000| Untracked 
|   7|0x0000000082700000, 0x0000000082800000, 0x0000000082800000|100%| O|  |TAMS 0x0000000082700000, 0x0000000082700000| Untracked 
|   8|0x0000000082800000, 0x00000000828c9600, 0x0000000082900000| 78%| O|  |TAMS 0x0000000082800000, 0x0000000082800000| Untracked 
|   9|0x0000000082900000, 0x0000000082900000, 0x0000000082a00000|  0%| F|  |TAMS 0x0000000082900000, 0x0000000082900000| Untracked 
|  10|0x0000000082a00000, 0x0000000082a00000, 0x0000000082b00000|  0%| F|  |TAMS 0x0000000082a00000, 0x0000000082a00000| Untracked 
|  11|0x0000000082b00000, 0x0000000082b00000, 0x0000000082c00000|  0%| F|  |TAMS 0x0000000082b00000, 0x0000000082b00000| Untracked 
|  12|0x0000000082c00000, 0x0000000082c00000, 0x0000000082d00000|  0%| F|  |TAMS 0x0000000082c00000, 0x0000000082c00000| Untracked 
|  13|0x0000000082d00000, 0x0000000082d00000, 0x0000000082e00000|  0%| F|  |TAMS 0x0000000082d00000, 0x0000000082d00000| Untracked 
|  14|0x0000000082e00000, 0x0000000082e00000, 0x0000000082f00000|  0%| F|  |TAMS 0x0000000082e00000, 0x0000000082e00000| Untracked 
|  15|0x0000000082f00000, 0x0000000082f00000, 0x0000000083000000|  0%| F|  |TAMS 0x0000000082f00000, 0x0000000082f00000| Untracked 
|  16|0x0000000083000000, 0x0000000083000000, 0x0000000083100000|  0%| F|  |TAMS 0x0000000083000000, 0x0000000083000000| Untracked 
|  17|0x0000000083100000, 0x0000000083100000, 0x0000000083200000|  0%| F|  |TAMS 0x0000000083100000, 0x0000000083100000| Untracked 
|  18|0x0000000083200000, 0x0000000083200000, 0x0000000083300000|  0%| F|  |TAMS 0x0000000083200000, 0x0000000083200000| Untracked 
|  19|0x0000000083300000, 0x0000000083300000, 0x0000000083400000|  0%| F|  |TAMS 0x0000000083300000, 0x0000000083300000| Untracked 
|  20|0x0000000083400000, 0x0000000083400000, 0x0000000083500000|  0%| F|  |TAMS 0x0000000083400000, 0x0000000083400000| Untracked 
|  21|0x0000000083500000, 0x0000000083500000, 0x0000000083600000|  0%| F|  |TAMS 0x0000000083500000, 0x0000000083500000| Untracked 
|  22|0x0000000083600000, 0x0000000083600000, 0x0000000083700000|  0%| F|  |TAMS 0x0000000083600000, 0x0000000083600000| Untracked 
|  23|0x0000000083700000, 0x0000000083700000, 0x0000000083800000|  0%| F|  |TAMS 0x0000000083700000, 0x0000000083700000| Untracked 
|  24|0x0000000083800000, 0x0000000083800000, 0x0000000083900000|  0%| F|  |TAMS 0x0000000083800000, 0x0000000083800000| Untracked 
|  25|0x0000000083900000, 0x0000000083900000, 0x0000000083a00000|  0%| F|  |TAMS 0x0000000083900000, 0x0000000083900000| Untracked 
|  26|0x0000000083a00000, 0x0000000083a00000, 0x0000000083b00000|  0%| F|  |TAMS 0x0000000083a00000, 0x0000000083a00000| Untracked 
|  27|0x0000000083b00000, 0x0000000083b00000, 0x0000000083c00000|  0%| F|  |TAMS 0x0000000083b00000, 0x0000000083b00000| Untracked 
|  28|0x0000000083c00000, 0x0000000083c00000, 0x0000000083d00000|  0%| F|  |TAMS 0x0000000083c00000, 0x0000000083c00000| Untracked 
|  29|0x0000000083d00000, 0x0000000083d00000, 0x0000000083e00000|  0%| F|  |TAMS 0x0000000083d00000, 0x0000000083d00000| Untracked 
|  30|0x0000000083e00000, 0x0000000083e00000, 0x0000000083f00000|  0%| F|  |TAMS 0x0000000083e00000, 0x0000000083e00000| Untracked 
|  31|0x0000000083f00000, 0x0000000083f00000, 0x0000000084000000|  0%| F|  |TAMS 0x0000000083f00000, 0x0000000083f00000| Untracked 
|  32|0x0000000084000000, 0x0000000084000000, 0x0000000084100000|  0%| F|  |TAMS 0x0000000084000000, 0x0000000084000000| Untracked 
|  33|0x0000000084100000, 0x0000000084100000, 0x0000000084200000|  0%| F|  |TAMS 0x0000000084100000, 0x0000000084100000| Untracked 
|  34|0x0000000084200000, 0x0000000084200000, 0x0000000084300000|  0%| F|  |TAMS 0x0000000084200000, 0x0000000084200000| Untracked 
|  35|0x0000000084300000, 0x0000000084300000, 0x0000000084400000|  0%| F|  |TAMS 0x0000000084300000, 0x0000000084300000| Untracked 
|  36|0x0000000084400000, 0x0000000084400000, 0x0000000084500000|  0%| F|  |TAMS 0x0000000084400000, 0x0000000084400000| Untracked 
|  37|0x0000000084500000, 0x0000000084500000, 0x0000000084600000|  0%| F|  |TAMS 0x0000000084500000, 0x0000000084500000| Untracked 
|  38|0x0000000084600000, 0x0000000084600000, 0x0000000084700000|  0%| F|  |TAMS 0x0000000084600000, 0x0000000084600000| Untracked 
|  39|0x0000000084700000, 0x0000000084700000, 0x0000000084800000|  0%| F|  |TAMS 0x0000000084700000, 0x0000000084700000| Untracked 
|  40|0x0000000084800000, 0x0000000084800000, 0x0000000084900000|  0%| F|  |TAMS 0x0000000084800000, 0x0000000084800000| Untracked 
|  41|0x0000000084900000, 0x0000000084900000, 0x0000000084a00000|  0%| F|  |TAMS 0x0000000084900000, 0x0000000084900000| Untracked 
|  42|0x0000000084a00000, 0x0000000084a00000, 0x0000000084b00000|  0%| F|  |TAMS 0x0000000084a00000, 0x0000000084a00000| Untracked 
|  43|0x0000000084b00000, 0x0000000084b00000, 0x0000000084c00000|  0%| F|  |TAMS 0x0000000084b00000, 0x0000000084b00000| Untracked 
|  44|0x0000000084c00000, 0x0000000084c00000, 0x0000000084d00000|  0%| F|  |TAMS 0x0000000084c00000, 0x0000000084c00000| Untracked 
|  45|0x0000000084d00000, 0x0000000084d00000, 0x0000000084e00000|  0%| F|  |TAMS 0x0000000084d00000, 0x0000000084d00000| Untracked 
|  46|0x0000000084e00000, 0x0000000084e00000, 0x0000000084f00000|  0%| F|  |TAMS 0x0000000084e00000, 0x0000000084e00000| Untracked 
|  47|0x0000000084f00000, 0x0000000084f00000, 0x0000000085000000|  0%| F|  |TAMS 0x0000000084f00000, 0x0000000084f00000| Untracked 
|  48|0x0000000085000000, 0x0000000085000000, 0x0000000085100000|  0%| F|  |TAMS 0x0000000085000000, 0x0000000085000000| Untracked 
|  49|0x0000000085100000, 0x0000000085100000, 0x0000000085200000|  0%| F|  |TAMS 0x0000000085100000, 0x0000000085100000| Untracked 
|  50|0x0000000085200000, 0x0000000085200000, 0x0000000085300000|  0%| F|  |TAMS 0x0000000085200000, 0x0000000085200000| Untracked 
|  51|0x0000000085300000, 0x0000000085300000, 0x0000000085400000|  0%| F|  |TAMS 0x0000000085300000, 0x0000000085300000| Untracked 
|  52|0x0000000085400000, 0x0000000085400000, 0x0000000085500000|  0%| F|  |TAMS 0x0000000085400000, 0x0000000085400000| Untracked 
|  53|0x0000000085500000, 0x0000000085500000, 0x0000000085600000|  0%| F|  |TAMS 0x0000000085500000, 0x0000000085500000| Untracked 
|  54|0x0000000085600000, 0x0000000085600000, 0x0000000085700000|  0%| F|  |TAMS 0x0000000085600000, 0x0000000085600000| Untracked 
|  55|0x0000000085700000, 0x0000000085700000, 0x0000000085800000|  0%| F|  |TAMS 0x0000000085700000, 0x0000000085700000| Untracked 
|  56|0x0000000085800000, 0x0000000085800000, 0x0000000085900000|  0%| F|  |TAMS 0x0000000085800000, 0x0000000085800000| Untracked 
|  57|0x0000000085900000, 0x0000000085900000, 0x0000000085a00000|  0%| F|  |TAMS 0x0000000085900000, 0x0000000085900000| Untracked 
|  58|0x0000000085a00000, 0x0000000085a00000, 0x0000000085b00000|  0%| F|  |TAMS 0x0000000085a00000, 0x0000000085a00000| Untracked 
|  59|0x0000000085b00000, 0x0000000085b00000, 0x0000000085c00000|  0%| F|  |TAMS 0x0000000085b00000, 0x0000000085b00000| Untracked 
|  60|0x0000000085c00000, 0x0000000085c00000, 0x0000000085d00000|  0%| F|  |TAMS 0x0000000085c00000, 0x0000000085c00000| Untracked 
|  61|0x0000000085d00000, 0x0000000085d80800, 0x0000000085e00000| 50%| E|  |TAMS 0x0000000085d00000, 0x0000000085d00000| Complete 
|  62|0x0000000085e00000, 0x0000000085f00000, 0x0000000085f00000|100%| E|CS|TAMS 0x0000000085e00000, 0x0000000085e00000| Complete 
|  63|0x0000000085f00000, 0x0000000086000000, 0x0000000086000000|100%| E|CS|TAMS 0x0000000085f00000, 0x0000000085f00000| Complete 
|  64|0x0000000086000000, 0x0000000086100000, 0x0000000086100000|100%| E|CS|TAMS 0x0000000086000000, 0x0000000086000000| Complete 
|  65|0x0000000086100000, 0x0000000086200000, 0x0000000086200000|100%| E|CS|TAMS 0x0000000086100000, 0x0000000086100000| Complete 
|  66|0x0000000086200000, 0x0000000086300000, 0x0000000086300000|100%| E|CS|TAMS 0x0000000086200000, 0x0000000086200000| Complete 
|  67|0x0000000086300000, 0x0000000086400000, 0x0000000086400000|100%| E|CS|TAMS 0x0000000086300000, 0x0000000086300000| Complete 
|  68|0x0000000086400000, 0x0000000086500000, 0x0000000086500000|100%| E|CS|TAMS 0x0000000086400000, 0x0000000086400000| Complete 
|  69|0x0000000086500000, 0x0000000086600000, 0x0000000086600000|100%| E|CS|TAMS 0x0000000086500000, 0x0000000086500000| Complete 
|  70|0x0000000086600000, 0x0000000086700000, 0x0000000086700000|100%| E|CS|TAMS 0x0000000086600000, 0x0000000086600000| Complete 
|  71|0x0000000086700000, 0x0000000086800000, 0x0000000086800000|100%| E|CS|TAMS 0x0000000086700000, 0x0000000086700000| Complete 
|  72|0x0000000086800000, 0x0000000086900000, 0x0000000086900000|100%| E|CS|TAMS 0x0000000086800000, 0x0000000086800000| Complete 
|  73|0x0000000086900000, 0x0000000086a00000, 0x0000000086a00000|100%| E|CS|TAMS 0x0000000086900000, 0x0000000086900000| Complete 
|  74|0x0000000086a00000, 0x0000000086b00000, 0x0000000086b00000|100%| E|CS|TAMS 0x0000000086a00000, 0x0000000086a00000| Complete 
|  75|0x0000000086b00000, 0x0000000086c00000, 0x0000000086c00000|100%| E|CS|TAMS 0x0000000086b00000, 0x0000000086b00000| Complete 
|  76|0x0000000086c00000, 0x0000000086d00000, 0x0000000086d00000|100%| E|CS|TAMS 0x0000000086c00000, 0x0000000086c00000| Complete 
|  77|0x0000000086d00000, 0x0000000086e00000, 0x0000000086e00000|100%| E|CS|TAMS 0x0000000086d00000, 0x0000000086d00000| Complete 
|  78|0x0000000086e00000, 0x0000000086f00000, 0x0000000086f00000|100%| E|CS|TAMS 0x0000000086e00000, 0x0000000086e00000| Complete 
|  79|0x0000000086f00000, 0x0000000087000000, 0x0000000087000000|100%| E|CS|TAMS 0x0000000086f00000, 0x0000000086f00000| Complete 
|  80|0x0000000087000000, 0x0000000087100000, 0x0000000087100000|100%| E|CS|TAMS 0x0000000087000000, 0x0000000087000000| Complete 
|  81|0x0000000087100000, 0x0000000087200000, 0x0000000087200000|100%| E|  |TAMS 0x0000000087100000, 0x0000000087100000| Complete 
|  82|0x0000000087200000, 0x0000000087300000, 0x0000000087300000|100%| E|CS|TAMS 0x0000000087200000, 0x0000000087200000| Complete 
|  83|0x0000000087300000, 0x0000000087400000, 0x0000000087400000|100%| E|CS|TAMS 0x0000000087300000, 0x0000000087300000| Complete 
|  84|0x0000000087400000, 0x0000000087500000, 0x0000000087500000|100%| E|CS|TAMS 0x0000000087400000, 0x0000000087400000| Complete 
|  85|0x0000000087500000, 0x0000000087600000, 0x0000000087600000|100%| E|CS|TAMS 0x0000000087500000, 0x0000000087500000| Complete 
|  86|0x0000000087600000, 0x0000000087700000, 0x0000000087700000|100%| E|CS|TAMS 0x0000000087600000, 0x0000000087600000| Complete 
|  87|0x0000000087700000, 0x0000000087800000, 0x0000000087800000|100%| E|CS|TAMS 0x0000000087700000, 0x0000000087700000| Complete 
|  88|0x0000000087800000, 0x0000000087900000, 0x0000000087900000|100%| E|CS|TAMS 0x0000000087800000, 0x0000000087800000| Complete 
|  89|0x0000000087900000, 0x0000000087a00000, 0x0000000087a00000|100%| E|CS|TAMS 0x0000000087900000, 0x0000000087900000| Complete 
|  90|0x0000000087a00000, 0x0000000087b00000, 0x0000000087b00000|100%| E|CS|TAMS 0x0000000087a00000, 0x0000000087a00000| Complete 
|  91|0x0000000087b00000, 0x0000000087c00000, 0x0000000087c00000|100%| E|CS|TAMS 0x0000000087b00000, 0x0000000087b00000| Complete 
|  92|0x0000000087c00000, 0x0000000087d00000, 0x0000000087d00000|100%| E|CS|TAMS 0x0000000087c00000, 0x0000000087c00000| Complete 
|  93|0x0000000087d00000, 0x0000000087e00000, 0x0000000087e00000|100%| E|CS|TAMS 0x0000000087d00000, 0x0000000087d00000| Complete 
|  94|0x0000000087e00000, 0x0000000087f00000, 0x0000000087f00000|100%| E|CS|TAMS 0x0000000087e00000, 0x0000000087e00000| Complete 
|  95|0x0000000087f00000, 0x0000000088000000, 0x0000000088000000|100%| E|CS|TAMS 0x0000000087f00000, 0x0000000087f00000| Complete 
|  96|0x0000000088000000, 0x0000000088100000, 0x0000000088100000|100%| E|CS|TAMS 0x0000000088000000, 0x0000000088000000| Complete 
|  97|0x0000000088100000, 0x0000000088200000, 0x0000000088200000|100%| E|CS|TAMS 0x0000000088100000, 0x0000000088100000| Complete 
|  98|0x0000000088200000, 0x0000000088300000, 0x0000000088300000|100%| E|CS|TAMS 0x0000000088200000, 0x0000000088200000| Complete 
|  99|0x0000000088300000, 0x0000000088400000, 0x0000000088400000|100%| E|CS|TAMS 0x0000000088300000, 0x0000000088300000| Complete 
| 100|0x0000000088400000, 0x0000000088500000, 0x0000000088500000|100%| E|CS|TAMS 0x0000000088400000, 0x0000000088400000| Complete 
| 101|0x0000000088500000, 0x00000000885f1588, 0x0000000088600000| 94%| S|CS|TAMS 0x0000000088500000, 0x0000000088500000| Complete 
| 102|0x0000000088600000, 0x0000000088700000, 0x0000000088700000|100%| S|CS|TAMS 0x0000000088600000, 0x0000000088600000| Complete 
| 103|0x0000000088700000, 0x0000000088800000, 0x0000000088800000|100%| E|CS|TAMS 0x0000000088700000, 0x0000000088700000| Complete 
| 104|0x0000000088800000, 0x0000000088900000, 0x0000000088900000|100%| E|CS|TAMS 0x0000000088800000, 0x0000000088800000| Complete 
| 105|0x0000000088900000, 0x0000000088a00000, 0x0000000088a00000|100%| E|CS|TAMS 0x0000000088900000, 0x0000000088900000| Complete 
| 106|0x0000000088a00000, 0x0000000088b00000, 0x0000000088b00000|100%| E|CS|TAMS 0x0000000088a00000, 0x0000000088a00000| Complete 
| 107|0x0000000088b00000, 0x0000000088c00000, 0x0000000088c00000|100%| E|CS|TAMS 0x0000000088b00000, 0x0000000088b00000| Complete 
| 108|0x0000000088c00000, 0x0000000088d00000, 0x0000000088d00000|100%| E|CS|TAMS 0x0000000088c00000, 0x0000000088c00000| Complete 
| 109|0x0000000088d00000, 0x0000000088e00000, 0x0000000088e00000|100%| E|CS|TAMS 0x0000000088d00000, 0x0000000088d00000| Complete 
| 110|0x0000000088e00000, 0x0000000088f00000, 0x0000000088f00000|100%| E|CS|TAMS 0x0000000088e00000, 0x0000000088e00000| Complete 
| 111|0x0000000088f00000, 0x0000000089000000, 0x0000000089000000|100%| E|CS|TAMS 0x0000000088f00000, 0x0000000088f00000| Complete 
| 112|0x0000000089000000, 0x0000000089100000, 0x0000000089100000|100%| E|CS|TAMS 0x0000000089000000, 0x0000000089000000| Complete 
| 113|0x0000000089100000, 0x0000000089200000, 0x0000000089200000|100%| E|CS|TAMS 0x0000000089100000, 0x0000000089100000| Complete 
| 114|0x0000000089200000, 0x0000000089300000, 0x0000000089300000|100%| E|CS|TAMS 0x0000000089200000, 0x0000000089200000| Complete 
| 115|0x0000000089300000, 0x0000000089400000, 0x0000000089400000|100%| E|CS|TAMS 0x0000000089300000, 0x0000000089300000| Complete 
| 116|0x0000000089400000, 0x0000000089500000, 0x0000000089500000|100%| E|CS|TAMS 0x0000000089400000, 0x0000000089400000| Complete 
| 117|0x0000000089500000, 0x0000000089600000, 0x0000000089600000|100%| E|CS|TAMS 0x0000000089500000, 0x0000000089500000| Complete 
| 118|0x0000000089600000, 0x0000000089700000, 0x0000000089700000|100%| E|CS|TAMS 0x0000000089600000, 0x0000000089600000| Complete 
| 119|0x0000000089700000, 0x0000000089800000, 0x0000000089800000|100%| E|CS|TAMS 0x0000000089700000, 0x0000000089700000| Complete 
| 120|0x0000000089800000, 0x0000000089900000, 0x0000000089900000|100%| E|CS|TAMS 0x0000000089800000, 0x0000000089800000| Complete 
| 121|0x0000000089900000, 0x0000000089a00000, 0x0000000089a00000|100%| E|CS|TAMS 0x0000000089900000, 0x0000000089900000| Complete 
| 122|0x0000000089a00000, 0x0000000089b00000, 0x0000000089b00000|100%| E|CS|TAMS 0x0000000089a00000, 0x0000000089a00000| Complete 
| 123|0x0000000089b00000, 0x0000000089c00000, 0x0000000089c00000|100%| E|CS|TAMS 0x0000000089b00000, 0x0000000089b00000| Complete 
| 124|0x0000000089c00000, 0x0000000089d00000, 0x0000000089d00000|100%| E|CS|TAMS 0x0000000089c00000, 0x0000000089c00000| Complete 
| 125|0x0000000089d00000, 0x0000000089e00000, 0x0000000089e00000|100%| E|CS|TAMS 0x0000000089d00000, 0x0000000089d00000| Complete 

Card table byte_map: [0x000001df7c460000,0x000001df7c850000] _byte_map_base: 0x000001df7c050000

Marking Bits (Prev, Next): (CMBitMap*) 0x000001df7bff7bb0, (CMBitMap*) 0x000001df7bff7bf0
 Prev Bits: [0x000001df7cc40000, 0x000001df7ebc0000)
 Next Bits: [0x000001df167b0000, 0x000001df18730000)

Polling page: 0x000001df79f70000

Metaspace:

Usage:
  Non-class:     18.11 MB used.
      Class:      2.51 MB used.
       Both:     20.62 MB used.

Virtual space:
  Non-class space:       24.00 MB reserved,      18.25 MB ( 76%) committed,  3 nodes.
      Class space:        1.00 GB reserved,       2.62 MB ( <1%) committed,  1 nodes.
             Both:        1.02 GB reserved,      20.88 MB (  2%) committed. 

Chunk freelists:
   Non-Class:  1.80 MB
       Class:  1.36 MB
        Both:  3.15 MB

MaxMetaspaceSize: unlimited
CompressedClassSpaceSize: 1.00 GB
Initial GC threshold: 21.00 MB
Current GC threshold: 21.00 MB
CDS: on
MetaspaceReclaimPolicy: balanced
 - commit_granule_bytes: 65536.
 - commit_granule_words: 8192.
 - virtual_space_node_default_size: 1048576.
 - enlarge_chunks_in_place: 1.
 - new_chunks_are_fully_committed: 0.
 - uncommit_free_chunks: 1.
 - use_allocation_guard: 0.
 - handle_deallocations: 1.


Internal statistics:

num_allocs_failed_limit: 0.
num_arena_births: 136.
num_arena_deaths: 0.
num_vsnodes_births: 4.
num_vsnodes_deaths: 0.
num_space_committed: 334.
num_space_uncommitted: 0.
num_chunks_returned_to_freelist: 0.
num_chunks_taken_from_freelist: 826.
num_chunk_merges: 0.
num_chunk_splits: 577.
num_chunks_enlarged: 479.
num_purges: 0.
num_inconsistent_stats: 0.

CodeHeap 'non-profiled nmethods': size=120000Kb used=1151Kb max_used=1151Kb free=118848Kb
 bounds [0x000001df0f280000, 0x000001df0f4f0000, 0x000001df167b0000]
CodeHeap 'profiled nmethods': size=120000Kb used=6186Kb max_used=6186Kb free=113813Kb
 bounds [0x000001df077b0000, 0x000001df07dc0000, 0x000001df0ece0000]
CodeHeap 'non-nmethods': size=5760Kb used=1211Kb max_used=1285Kb free=4548Kb
 bounds [0x000001df0ece0000, 0x000001df0ef50000, 0x000001df0f280000]
 total_blobs=3464 nmethods=2950 adapters=426
 compilation: enabled
              stopped_count=0, restarted_count=0
 full_count=0

Compilation events (20 events):
Event: 30.200 Thread 0x000001df7f082150 2943       3       com.github.dockerjava.zerodep.shaded.org.apache.hc.core5.http.message.BasicHeader::<init> (8 bytes)
Event: 30.201 Thread 0x000001df7f082150 nmethod 2943 0x000001df07db6910 code [0x000001df07db6b60, 0x000001df07db73f8]
Event: 30.201 Thread 0x000001df7f082150 2945       3       java.util.regex.Matcher::start (65 bytes)
Event: 30.202 Thread 0x000001df7f082150 nmethod 2945 0x000001df07db7790 code [0x000001df07db79e0, 0x000001df07db8228]
Event: 30.202 Thread 0x000001df7f082150 2944       3       com.github.dockerjava.zerodep.shaded.org.apache.hc.core5.http.message.BasicHeader::<init> (32 bytes)
Event: 30.202 Thread 0x000001df7f082150 nmethod 2944 0x000001df07db8590 code [0x000001df07db87e0, 0x000001df07db9018]
Event: 30.202 Thread 0x000001df7f082150 2946       1       com.github.dockerjava.zerodep.shaded.org.apache.hc.core5.http.message.BasicHttpRequest::getAuthority (5 bytes)
Event: 30.202 Thread 0x000001df7f082150 nmethod 2946 0x000001df0f398790 code [0x000001df0f398920, 0x000001df0f3989f8]
Event: 30.202 Thread 0x000001df7f082150 2947       3       com.github.dockerjava.zerodep.shaded.org.apache.hc.core5.http.message.HeaderGroup::containsHeader (52 bytes)
Event: 30.203 Thread 0x000001df7f082150 nmethod 2947 0x000001df07db9390 code [0x000001df07db9580, 0x000001df07db9b78]
Event: 30.204 Thread 0x000001df7f082150 2948       1       com.github.dockerjava.zerodep.shaded.org.apache.hc.client5.http.auth.AuthExchange::getState (5 bytes)
Event: 30.204 Thread 0x000001df7f082150 nmethod 2948 0x000001df0f398a90 code [0x000001df0f398c20, 0x000001df0f398cf8]
Event: 30.205 Thread 0x000001df7f082150 2950       1       com.github.dockerjava.zerodep.shaded.org.apache.hc.core5.pool.PoolStats::getLeased (5 bytes)
Event: 30.205 Thread 0x000001df7f082150 nmethod 2950 0x000001df0f398d90 code [0x000001df0f398f20, 0x000001df0f398ff8]
Event: 30.205 Thread 0x000001df7f082150 2951       1       com.github.dockerjava.zerodep.shaded.org.apache.hc.core5.pool.PoolStats::getMax (5 bytes)
Event: 30.205 Thread 0x000001df7f082150 nmethod 2951 0x000001df0f399090 code [0x000001df0f399220, 0x000001df0f3992f8]
Event: 30.207 Thread 0x000001df7f082150 2952       3       com.github.dockerjava.zerodep.shaded.org.apache.hc.core5.http.message.BasicHeader::toString (43 bytes)
Event: 30.207 Thread 0x000001df7f082150 nmethod 2952 0x000001df07db9d90 code [0x000001df07db9fc0, 0x000001df07dba678]
Event: 30.402 Thread 0x000001df7f07cbc0 nmethod 2933 0x000001df0f399390 code [0x000001df0f399880, 0x000001df0f39d8a8]
Event: 30.403 Thread 0x000001df7f07cbc0 2949       4       ch.qos.logback.classic.Logger::callAppenders (47 bytes)

GC Heap History (6 events):
Event: 1.287 GC heap before
{Heap before GC invocations=0 (full 0):
 garbage-first heap   total 129024K, used 14336K [0x0000000082000000, 0x0000000100000000)
  region size 1024K, 13 young (13312K), 0 survivors (0K)
 Metaspace       used 2786K, committed 2944K, reserved 1056768K
  class space    used 287K, committed 384K, reserved 1048576K
}
Event: 1.310 GC heap after
{Heap after GC invocations=1 (full 0):
 garbage-first heap   total 129024K, used 8538K [0x0000000082000000, 0x0000000100000000)
  region size 1024K, 2 young (2048K), 2 survivors (2048K)
 Metaspace       used 2786K, committed 2944K, reserved 1056768K
  class space    used 287K, committed 384K, reserved 1048576K
}
Event: 2.730 GC heap before
{Heap before GC invocations=1 (full 0):
 garbage-first heap   total 129024K, used 15706K [0x0000000082000000, 0x0000000100000000)
  region size 1024K, 9 young (9216K), 2 survivors (2048K)
 Metaspace       used 4564K, committed 4736K, reserved 1056768K
  class space    used 553K, committed 640K, reserved 1048576K
}
Event: 2.738 GC heap after
{Heap after GC invocations=2 (full 0):
 garbage-first heap   total 129024K, used 9529K [0x0000000082000000, 0x0000000100000000)
  region size 1024K, 1 young (1024K), 1 survivors (1024K)
 Metaspace       used 4564K, committed 4736K, reserved 1056768K
  class space    used 553K, committed 640K, reserved 1048576K
}
Event: 4.046 GC heap before
{Heap before GC invocations=2 (full 0):
 garbage-first heap   total 129024K, used 32057K [0x0000000082000000, 0x0000000100000000)
  region size 1024K, 23 young (23552K), 1 survivors (1024K)
 Metaspace       used 10932K, committed 11200K, reserved 1064960K
  class space    used 1339K, committed 1472K, reserved 1048576K
}
Event: 4.050 GC heap after
{Heap after GC invocations=3 (full 0):
 garbage-first heap   total 129024K, used 10986K [0x0000000082000000, 0x0000000100000000)
  region size 1024K, 2 young (2048K), 2 survivors (2048K)
 Metaspace       used 10932K, committed 11200K, reserved 1064960K
  class space    used 1339K, committed 1472K, reserved 1048576K
}

Deoptimization events (20 events):
Event: 8.589 Thread 0x000001df7bf9b880 DEOPT PACKING pc=0x000001df0f31ad00 sp=0x000000baecefcc00
Event: 8.589 Thread 0x000001df7bf9b880 DEOPT UNPACKING pc=0x000001df0ed323a3 sp=0x000000baecefcb18 mode 2
Event: 8.589 Thread 0x000001df7bf9b880 Uncommon trap: trap_request=0xffffffc6 fr.pc=0x000001df0f31ad00 relative=0x00000000000004c0
Event: 8.589 Thread 0x000001df7bf9b880 Uncommon trap: reason=bimorphic_or_optimized_type_check action=maybe_recompile pc=0x000001df0f31ad00 method=java.util.HashMap.getNode(Ljava/lang/Object;)Ljava/util/HashMap$Node; @ 128 c2
Event: 8.589 Thread 0x000001df7bf9b880 DEOPT PACKING pc=0x000001df0f31ad00 sp=0x000000baecefcc00
Event: 8.589 Thread 0x000001df7bf9b880 DEOPT UNPACKING pc=0x000001df0ed323a3 sp=0x000000baecefcb18 mode 2
Event: 12.773 Thread 0x000001df7bf9b880 DEOPT PACKING pc=0x000001df07be8df6 sp=0x000000baecefb590
Event: 12.773 Thread 0x000001df7bf9b880 DEOPT UNPACKING pc=0x000001df0ed32b43 sp=0x000000baecefaa80 mode 0
Event: 13.667 Thread 0x000001df7bf9b880 Uncommon trap: trap_request=0xffffff45 fr.pc=0x000001df0f34b214 relative=0x0000000000000254
Event: 13.667 Thread 0x000001df7bf9b880 Uncommon trap: reason=unstable_if action=reinterpret pc=0x000001df0f34b214 method=java.util.HashMap.getNode(Ljava/lang/Object;)Ljava/util/HashMap$Node; @ 66 c2
Event: 13.667 Thread 0x000001df7bf9b880 DEOPT PACKING pc=0x000001df0f34b214 sp=0x000000baecefb740
Event: 13.667 Thread 0x000001df7bf9b880 DEOPT UNPACKING pc=0x000001df0ed323a3 sp=0x000000baecefb660 mode 2
Event: 16.861 Thread 0x000001df7bf9b880 Uncommon trap: trap_request=0xffffff45 fr.pc=0x000001df0f30ff34 relative=0x0000000000000294
Event: 16.861 Thread 0x000001df7bf9b880 Uncommon trap: reason=unstable_if action=reinterpret pc=0x000001df0f30ff34 method=java.lang.String.indexOf([BBILjava/lang/String;I)I @ 62 c2
Event: 16.861 Thread 0x000001df7bf9b880 DEOPT PACKING pc=0x000001df0f30ff34 sp=0x000000baecefd370
Event: 16.861 Thread 0x000001df7bf9b880 DEOPT UNPACKING pc=0x000001df0ed323a3 sp=0x000000baecefd268 mode 2
Event: 23.845 Thread 0x000001df7bf9b880 Uncommon trap: trap_request=0xffffff45 fr.pc=0x000001df0f394c58 relative=0x0000000000000138
Event: 23.845 Thread 0x000001df7bf9b880 Uncommon trap: reason=unstable_if action=reinterpret pc=0x000001df0f394c58 method=java.util.regex.Pattern$SliceI.match(Ljava/util/regex/Matcher;ILjava/lang/CharSequence;)Z @ 18 c2
Event: 23.845 Thread 0x000001df7bf9b880 DEOPT PACKING pc=0x000001df0f394c58 sp=0x000000baecefd3f0
Event: 23.845 Thread 0x000001df7bf9b880 DEOPT UNPACKING pc=0x000001df0ed323a3 sp=0x000000baecefd378 mode 2

Classes unloaded (0 events):
No events

Classes redefined (0 events):
No events

Internal exceptions (20 events):
Event: 3.015 Thread 0x000001df7bf9b880 Exception <a 'java/lang/IncompatibleClassChangeError'{0x0000000089723ed8}: Found class java.lang.Object, but interface was expected> (0x0000000089723ed8) 
thrown [s\open\src\hotspot\share\interpreter\linkResolver.cpp, line 826]
Event: 3.035 Thread 0x000001df7bf9b880 Exception <a 'java/lang/NoSuchMethodError'{0x00000000897f8380}: 'int java.lang.invoke.DirectMethodHandle$Holder.invokeStaticInit(java.lang.Object, java.lang.Object, java.lang.Object)'> (0x00000000897f8380) 
thrown [s\open\src\hotspot\share\interpreter\linkResolver.cpp, line 759]
Event: 3.057 Thread 0x000001df7bf9b880 Implicit null exception at 0x000001df0f2da2c0 to 0x000001df0f2daacc
Event: 3.071 Thread 0x000001df7bf9b880 Exception <a 'java/lang/NoSuchMethodError'{0x0000000089405710}: 'int java.lang.invoke.DirectMethodHandle$Holder.invokeInterface(java.lang.Object, java.lang.Object)'> (0x0000000089405710) 
thrown [s\open\src\hotspot\share\interpreter\linkResolver.cpp, line 759]
Event: 3.281 Thread 0x000001df7bf9b880 Exception <a 'java/lang/NoSuchMethodError'{0x00000000890dde30}: 'java.lang.Object java.lang.invoke.DirectMethodHandle$Holder.invokeVirtual(java.lang.Object, java.lang.Object, java.lang.Object)'> (0x00000000890dde30) 
thrown [s\open\src\hotspot\share\interpreter\linkResolver.cpp, line 759]
Event: 3.452 Thread 0x000001df7bf9b880 Exception <a 'java/lang/NoSuchMethodError'{0x0000000088d288d8}: 'void java.lang.invoke.DirectMethodHandle$Holder.invokeVirtual(java.lang.Object, java.lang.Object, java.lang.Object, java.lang.Object)'> (0x0000000088d288d8) 
thrown [s\open\src\hotspot\share\interpreter\linkResolver.cpp, line 759]
Event: 3.857 Thread 0x000001df7bf9b880 Exception <a 'java/lang/NoSuchMethodError'{0x000000008877f6b0}: 'java.lang.Object java.lang.invoke.DirectMethodHandle$Holder.invokeStaticInit(java.lang.Object, int, int, int, int)'> (0x000000008877f6b0) 
thrown [s\open\src\hotspot\share\interpreter\linkResolver.cpp, line 759]
Event: 4.058 Thread 0x000001df7bf9b880 Exception <a 'java/lang/NoSuchMethodError'{0x0000000089d4d298}: 'java.lang.Object java.lang.invoke.DirectMethodHandle$Holder.invokeStaticInit(java.lang.Object, java.lang.Object, int, int, int, int)'> (0x0000000089d4d298) 
thrown [s\open\src\hotspot\share\interpreter\linkResolver.cpp, line 759]
Event: 4.687 Thread 0x000001df7bf9b880 Exception <a 'java/lang/NoSuchMethodError'{0x0000000088bb6500}: 'void java.lang.invoke.DirectMethodHandle$Holder.invokeStatic(java.lang.Object, java.lang.Object)'> (0x0000000088bb6500) 
thrown [s\open\src\hotspot\share\interpreter\linkResolver.cpp, line 759]
Event: 4.822 Thread 0x000001df7bf9b880 Exception <a 'java/lang/NoSuchMethodError'{0x00000000887f9be0}: 'long java.lang.invoke.DirectMethodHandle$Holder.invokeStatic(java.lang.Object, java.lang.Object)'> (0x00000000887f9be0) 
thrown [s\open\src\hotspot\share\interpreter\linkResolver.cpp, line 759]
Event: 5.050 Thread 0x000001df7bf9b880 Exception <a 'java/lang/NoSuchMethodError'{0x0000000087d276b8}: 'int java.lang.invoke.DirectMethodHandle$Holder.invokeStatic(java.lang.Object, java.lang.Object, int)'> (0x0000000087d276b8) 
thrown [s\open\src\hotspot\share\interpreter\linkResolver.cpp, line 759]
Event: 8.468 Thread 0x000001df7bf9b880 Implicit null exception at 0x000001df0f2dbaf2 to 0x000001df0f2dc19c
Event: 8.468 Thread 0x000001df7bf9b880 Implicit null exception at 0x000001df0f2b2372 to 0x000001df0f2b2a1c
Event: 8.535 Thread 0x000001df7bf9b880 Exception <a 'java/lang/NoSuchMethodError'{0x0000000086eb1ef8}: 'void java.lang.invoke.DirectMethodHandle$Holder.invokeStatic(java.lang.Object, java.lang.Object, java.lang.Object, java.lang.Object, java.lang.Object, java.lang.Object)'> (0x0000000086eb1ef8) 
thrown [s\open\src\hotspot\share\interpreter\linkResolver.cpp, line 759]
Event: 9.311 Thread 0x000001df7bf9b880 Exception <a 'java/lang/IncompatibleClassChangeError'{0x0000000086cad700}: Found class java.lang.Object, but interface was expected> (0x0000000086cad700) 
thrown [s\open\src\hotspot\share\interpreter\linkResolver.cpp, line 826]
Event: 9.311 Thread 0x000001df7bf9b880 Exception <a 'java/lang/IncompatibleClassChangeError'{0x0000000086cb1770}: Found class java.lang.Object, but interface was expected> (0x0000000086cb1770) 
thrown [s\open\src\hotspot\share\interpreter\linkResolver.cpp, line 826]
Event: 12.715 Thread 0x000001df7bf9b880 Exception <a 'java/lang/IncompatibleClassChangeError'{0x0000000086ce7490}: Found class java.lang.Object, but interface was expected> (0x0000000086ce7490) 
thrown [s\open\src\hotspot\share\interpreter\linkResolver.cpp, line 826]
Event: 16.714 Thread 0x000001df7bf9b880 Exception <a 'java/lang/NoSuchMethodError'{0x00000000865ef678}: 'void java.lang.invoke.DirectMethodHandle$Holder.invokeVirtual(java.lang.Object, java.lang.Object)'> (0x00000000865ef678) 
thrown [s\open\src\hotspot\share\interpreter\linkResolver.cpp, line 759]
Event: 16.729 Thread 0x000001df7bf9b880 Exception <a 'java/lang/NoSuchMethodError'{0x0000000086335048}: 'java.lang.Object java.lang.invoke.DirectMethodHandle$Holder.invokeInterface(java.lang.Object, java.lang.Object, int)'> (0x0000000086335048) 
thrown [s\open\src\hotspot\share\interpreter\linkResolver.cpp, line 759]
Event: 16.729 Thread 0x000001df7bf9b880 Exception <a 'java/lang/IncompatibleClassChangeError'{0x0000000086338928}: Found class java.lang.Object, but interface was expected> (0x0000000086338928) 
thrown [s\open\src\hotspot\share\interpreter\linkResolver.cpp, line 826]

VM Operations (20 events):
Event: 14.860 Executing VM operation: Cleanup
Event: 14.860 Executing VM operation: Cleanup done
Event: 15.862 Executing VM operation: Cleanup
Event: 15.862 Executing VM operation: Cleanup done
Event: 16.867 Executing VM operation: Cleanup
Event: 16.868 Executing VM operation: Cleanup done
Event: 17.877 Executing VM operation: Cleanup
Event: 17.877 Executing VM operation: Cleanup done
Event: 18.892 Executing VM operation: Cleanup
Event: 18.892 Executing VM operation: Cleanup done
Event: 20.919 Executing VM operation: Cleanup
Event: 20.919 Executing VM operation: Cleanup done
Event: 22.938 Executing VM operation: Cleanup
Event: 22.938 Executing VM operation: Cleanup done
Event: 23.939 Executing VM operation: Cleanup
Event: 23.939 Executing VM operation: Cleanup done
Event: 24.952 Executing VM operation: Cleanup
Event: 24.952 Executing VM operation: Cleanup done
Event: 27.986 Executing VM operation: Cleanup
Event: 27.986 Executing VM operation: Cleanup done

Events (20 events):
Event: 16.735 loading class sun/net/spi/DefaultProxySelector$3
Event: 16.735 loading class sun/net/spi/DefaultProxySelector$3 done
Event: 16.735 loading class sun/net/NetHooks
Event: 16.738 loading class sun/net/NetHooks done
Event: 16.741 loading class java/net/Socket$SocketInputStream
Event: 16.742 loading class java/net/Socket$SocketInputStream done
Event: 16.742 loading class sun/nio/ch/NioSocketImpl$1
Event: 16.742 loading class sun/nio/ch/NioSocketImpl$1 done
Event: 16.742 loading class java/net/Socket$SocketOutputStream
Event: 16.742 loading class java/net/Socket$SocketOutputStream done
Event: 16.742 loading class sun/nio/ch/NioSocketImpl$2
Event: 16.743 loading class sun/nio/ch/NioSocketImpl$2 done
Event: 16.862 loading class sun/nio/cs/StringUTF16
Event: 16.862 loading class sun/nio/cs/StringUTF16 done
Event: 20.408 Thread 0x000001df1cd0bef0 Thread added: 0x000001df1cd0bef0
Event: 21.667 loading class java/util/regex/Pattern$SliceI
Event: 21.667 loading class java/util/regex/Pattern$SliceI done
Event: 23.848 Thread 0x000001df1cd0bef0 Thread exited: 0x000001df1cd0bef0
Event: 24.006 Thread 0x000001df1cd0b080 Thread added: 0x000001df1cd0b080
Event: 30.098 Thread 0x000001df1cd0b080 Thread exited: 0x000001df1cd0b080


Dynamic libraries:
0x00007ff6cd110000 - 0x00007ff6cd120000 	C:\Program Files\Java\jdk-17\bin\java.exe
0x00007ff97e4b0000 - 0x00007ff97e6c4000 	C:\WINDOWS\SYSTEM32\ntdll.dll
0x00007ff97c390000 - 0x00007ff97c452000 	C:\WINDOWS\System32\KERNEL32.DLL
0x00007ff97b920000 - 0x00007ff97bcc3000 	C:\WINDOWS\System32\KERNELBASE.dll
0x00007ff97c170000 - 0x00007ff97c281000 	C:\WINDOWS\System32\ucrtbase.dll
0x00007ff95d780000 - 0x00007ff95d798000 	C:\Program Files\Java\jdk-17\bin\jli.dll
0x00007ff95cf10000 - 0x00007ff95cf2b000 	C:\Program Files\Java\jdk-17\bin\VCRUNTIME140.dll
0x00007ff97c610000 - 0x00007ff97c6be000 	C:\WINDOWS\System32\ADVAPI32.dll
0x00007ff97cfc0000 - 0x00007ff97d067000 	C:\WINDOWS\System32\msvcrt.dll
0x00007ff97cf10000 - 0x00007ff97cfb4000 	C:\WINDOWS\System32\sechost.dll
0x00007ff97daf0000 - 0x00007ff97dc07000 	C:\WINDOWS\System32\RPCRT4.dll
0x00007ff97c460000 - 0x00007ff97c60b000 	C:\WINDOWS\System32\USER32.dll
0x00007ff97bf30000 - 0x00007ff97bf56000 	C:\WINDOWS\System32\win32u.dll
0x00007ff97d210000 - 0x00007ff97d239000 	C:\WINDOWS\System32\GDI32.dll
0x00007ff97bcd0000 - 0x00007ff97bde9000 	C:\WINDOWS\System32\gdi32full.dll
0x00007ff97c0d0000 - 0x00007ff97c16a000 	C:\WINDOWS\System32\msvcp_win.dll
0x00007ff964360000 - 0x00007ff9645ee000 	C:\WINDOWS\WinSxS\amd64_microsoft.windows.common-controls_6595b64144ccf1df_6.0.22621.1635_none_270f70857386168e\COMCTL32.dll
0x00007ff96d8b0000 - 0x00007ff96d8ba000 	C:\WINDOWS\SYSTEM32\VERSION.dll
0x00007ff97c6c0000 - 0x00007ff97c6f1000 	C:\WINDOWS\System32\IMM32.DLL
0x00007ff95d760000 - 0x00007ff95d76c000 	C:\Program Files\Java\jdk-17\bin\vcruntime140_1.dll
0x00007ff946280000 - 0x00007ff94630e000 	C:\Program Files\Java\jdk-17\bin\msvcp140.dll
0x00007ff923b00000 - 0x00007ff9246d7000 	C:\Program Files\Java\jdk-17\bin\server\jvm.dll
0x00007ff97cdc0000 - 0x00007ff97cdc8000 	C:\WINDOWS\System32\PSAPI.DLL
0x00007ff973040000 - 0x00007ff973074000 	C:\WINDOWS\SYSTEM32\WINMM.dll
0x00007ff95b0d0000 - 0x00007ff95b0d9000 	C:\WINDOWS\SYSTEM32\WSOCK32.dll
0x00007ff97c310000 - 0x00007ff97c381000 	C:\WINDOWS\System32\WS2_32.dll
0x00007ff97a9b0000 - 0x00007ff97a9c8000 	C:\WINDOWS\SYSTEM32\kernel.appcore.dll
0x00007ff95d660000 - 0x00007ff95d66a000 	C:\Program Files\Java\jdk-17\bin\jimage.dll
0x00007ff979320000 - 0x00007ff97954e000 	C:\WINDOWS\SYSTEM32\DBGHELP.DLL
0x00007ff97d500000 - 0x00007ff97d889000 	C:\WINDOWS\System32\combase.dll
0x00007ff97d890000 - 0x00007ff97d967000 	C:\WINDOWS\System32\OLEAUT32.dll
0x00007ff95ab60000 - 0x00007ff95ab92000 	C:\WINDOWS\SYSTEM32\dbgcore.DLL
0x00007ff97beb0000 - 0x00007ff97bf2b000 	C:\WINDOWS\System32\bcryptPrimitives.dll
0x00007ff94d760000 - 0x00007ff94d785000 	C:\Program Files\Java\jdk-17\bin\java.dll
0x00007ff945960000 - 0x00007ff945a37000 	C:\Program Files\Java\jdk-17\bin\jsvml.dll
0x00007ff97dc10000 - 0x00007ff97e40a000 	C:\WINDOWS\System32\SHELL32.dll
0x00007ff979820000 - 0x00007ff97a0ee000 	C:\WINDOWS\SYSTEM32\windows.storage.dll
0x00007ff9796e0000 - 0x00007ff97981e000 	C:\WINDOWS\SYSTEM32\wintypes.dll
0x00007ff97d400000 - 0x00007ff97d4f1000 	C:\WINDOWS\System32\SHCORE.dll
0x00007ff97e410000 - 0x00007ff97e46e000 	C:\WINDOWS\System32\shlwapi.dll
0x00007ff97b7e0000 - 0x00007ff97b801000 	C:\WINDOWS\SYSTEM32\profapi.dll
0x00007ff9546a0000 - 0x00007ff9546b9000 	C:\Program Files\Java\jdk-17\bin\net.dll
0x00007ff971040000 - 0x00007ff971177000 	C:\WINDOWS\SYSTEM32\WINHTTP.dll
0x00007ff97ae20000 - 0x00007ff97ae89000 	C:\WINDOWS\system32\mswsock.dll
0x00007ff9537e0000 - 0x00007ff9537f6000 	C:\Program Files\Java\jdk-17\bin\nio.dll
0x00007ff9484e0000 - 0x00007ff9484f8000 	C:\Program Files\Java\jdk-17\bin\zip.dll
0x00007ff95dda0000 - 0x00007ff95ddaa000 	C:\Program Files\Java\jdk-17\bin\management.dll
0x00007ff9592e0000 - 0x00007ff9592eb000 	C:\Program Files\Java\jdk-17\bin\management_ext.dll
0x00007ff95c7c0000 - 0x00007ff95c7d0000 	C:\Program Files\Java\jdk-17\bin\verify.dll
0x00007ff97b0c0000 - 0x00007ff97b0db000 	C:\WINDOWS\SYSTEM32\CRYPTSP.dll
0x00007ff97a920000 - 0x00007ff97a955000 	C:\WINDOWS\system32\rsaenh.dll
0x00007ff97af40000 - 0x00007ff97af68000 	C:\WINDOWS\SYSTEM32\USERENV.dll
0x00007ff97b280000 - 0x00007ff97b2a8000 	C:\WINDOWS\SYSTEM32\bcrypt.dll
0x00007ff97b0e0000 - 0x00007ff97b0ec000 	C:\WINDOWS\SYSTEM32\CRYPTBASE.dll
0x00007ff97a340000 - 0x00007ff97a36d000 	C:\WINDOWS\SYSTEM32\IPHLPAPI.DLL
0x00007ff97ce50000 - 0x00007ff97ce59000 	C:\WINDOWS\System32\NSI.dll
0x00007ff971020000 - 0x00007ff971039000 	C:\WINDOWS\SYSTEM32\dhcpcsvc6.DLL
0x00007ff971000000 - 0x00007ff97101f000 	C:\WINDOWS\SYSTEM32\dhcpcsvc.DLL
0x00007ff97a370000 - 0x00007ff97a463000 	C:\WINDOWS\SYSTEM32\DNSAPI.dll
0x00007ff972e50000 - 0x00007ff972e5a000 	C:\Windows\System32\rasadhlp.dll
0x00007ff96d280000 - 0x00007ff96d304000 	C:\WINDOWS\System32\fwpuclnt.dll

dbghelp: loaded successfully - version: 4.0.5 - missing functions: none
symbol engine: initialized successfully - sym options: 0x614 - pdb path: .;C:\Program Files\Java\jdk-17\bin;C:\WINDOWS\SYSTEM32;C:\WINDOWS\WinSxS\amd64_microsoft.windows.common-controls_6595b64144ccf1df_6.0.22621.1635_none_270f70857386168e;C:\Program Files\Java\jdk-17\bin\server

VM Arguments:
java_command: C:\Users\rahul\AppData\Local\Temp\surefire13011218073176536298\surefirebooter10645157644193274610.jar C:\Users\rahul\AppData\Local\Temp\surefire13011218073176536298 2023-08-05T22-20-05_802-jvmRun1 surefire8895484563710998096tmp surefire_015787627663136792158tmp
java_class_path (initial): C:\Users\rahul\AppData\Local\Temp\surefire13011218073176536298\surefirebooter10645157644193274610.jar
Launcher Type: SUN_STANDARD

[Global flags]
     intx CICompilerCount                          = 3                                         {product} {ergonomic}
     uint ConcGCThreads                            = 1                                         {product} {ergonomic}
     uint G1ConcRefinementThreads                  = 4                                         {product} {ergonomic}
   size_t G1HeapRegionSize                         = 1048576                                   {product} {ergonomic}
    uintx GCDrainStackTargetSize                   = 64                                        {product} {ergonomic}
   size_t InitialHeapSize                          = 132120576                                 {product} {ergonomic}
   size_t MarkStackSize                            = 4194304                                   {product} {ergonomic}
   size_t MaxHeapSize                              = 2113929216                                {product} {ergonomic}
   size_t MaxNewSize                               = 1267728384                                {product} {ergonomic}
   size_t MinHeapDeltaBytes                        = 1048576                                   {product} {ergonomic}
   size_t MinHeapSize                              = 8388608                                   {product} {ergonomic}
    uintx NonNMethodCodeHeapSize                   = 5832780                                {pd product} {ergonomic}
    uintx NonProfiledCodeHeapSize                  = 122912730                              {pd product} {ergonomic}
    uintx ProfiledCodeHeapSize                     = 122912730                              {pd product} {ergonomic}
    uintx ReservedCodeCacheSize                    = 251658240                              {pd product} {ergonomic}
     bool SegmentedCodeCache                       = true                                      {product} {ergonomic}
   size_t SoftMaxHeapSize                          = 2113929216                             {manageable} {ergonomic}
     bool UseCompressedClassPointers               = true                           {product lp64_product} {ergonomic}
     bool UseCompressedOops                        = true                           {product lp64_product} {ergonomic}
     bool UseG1GC                                  = true                                      {product} {ergonomic}
     bool UseLargePagesIndividualAllocation        = false                                  {pd product} {ergonomic}

Logging:
Log output configuration:
 #0: stdout all=warning uptime,level,tags
 #1: stderr all=off uptime,level,tags

Environment Variables:
PATH=C:\Program Files\Common Files\Oracle\Java\javapath;C:\WINDOWS\system32;C:\WINDOWS;C:\WINDOWS\System32\Wbem;C:\WINDOWS\System32\WindowsPowerShell\v1.0\;C:\WINDOWS\System32\OpenSSH\;C:\FingerprintSensors\SMARTCHIP_DLL;C:\TURBOC3\LIB\;C:\TURBOC3\INCLUDE\;C:\Program Files\Git\cmd;C:\apache-maven-3.9.0\bin;C:\Program Files\Docker\Docker\resources\bin;C:\Program Files\MongoDB\Server\6.0\bin;C:\mongosh-1.8.0\bin;C:\Program Files\nodejs\;C:\Program Files\dotnet\;C:\Program Files\php-8.2.9;C:\composer;C:\Program Files\MySQL\MySQL Shell 8.0\bin\;C:\Users\rahul\AppData\Local\Microsoft\WindowsApps;;C:\Program Files\JetBrains\IntelliJ IDEA Community Edition 2022.3.2\bin;;C:\Users\rahul\AppData\Local\Programs\Microsoft VS Code\bin;C:\Users\rahul\AppData\Roaming\npm;C:\Users\rahul\.dotnet\tools;C:\Users\rahul\AppData\Roaming\Composer\vendor\bin
USERNAME=rahul
OS=Windows_NT
PROCESSOR_IDENTIFIER=Intel64 Family 6 Model 142 Stepping 10, GenuineIntel



---------------  S Y S T E M  ---------------

OS:
 Windows 11 , 64 bit Build 22621 (10.0.22621.1778)
OS uptime: 2 days 7:50 hours
Hyper-V role detected

CPU: total 4 (initial active 4) (2 cores per cpu, 2 threads per core) family 6 model 142 stepping 10 microcode 0xe0, cx8, cmov, fxsr, ht, mmx, 3dnowpref, sse, sse2, sse3, ssse3, sse4.1, sse4.2, popcnt, lzcnt, tsc, tscinvbit, avx, avx2, aes, erms, clmul, bmi1, bmi2, adx, fma, vzeroupper, clflush, clflushopt, hv

Memory: 4k page, system-wide physical 8060M (375M free)
TotalPageFile size 21453M (AvailPageFile size 4M)
current process WorkingSet (physical memory assigned to process): 156M, peak: 156M
current process commit charge ("private bytes"): 249M, peak: 255M

vm_info: Java HotSpot(TM) 64-Bit Server VM (17.0.6+9-LTS-190) for windows-amd64 JRE (17.0.6+9-LTS-190), built on Dec  6 2022 15:53:54 by "mach5one" with MS VC++ 17.1 (VS2022)

END.
