#
# There is insufficient memory for the Java Runtime Environment to continue.
# Native memory allocation (malloc) failed to allocate 1145600 bytes for Chunk::new
# Possible reasons:
#   The system is out of physical RAM or swap space
#   The process is running with CompressedOops enabled, and the Java Heap may be blocking the growth of the native heap
# Possible solutions:
#   Reduce memory load on the system
#   Increase physical memory or swap space
#   Check if swap backing store is full
#   Decrease Java heap size (-Xmx/-Xms)
#   Decrease number of Java threads
#   Decrease Java thread stack sizes (-Xss)
#   Set larger code cache with -XX:ReservedCodeCacheSize=
#   JVM is running with Unscaled Compressed Oops mode in which the Java heap is
#     placed in the first 4GB address space. The Java Heap base address is the
#     maximum limit for the native heap growth. Please use -XX:HeapBaseMinAddress
#     to set the Java Heap base and to place the Java Heap above 4GB virtual address.
# This output file may be truncated or incomplete.
#
#  Out of Memory Error (arena.cpp:189), pid=12144, tid=21776
#
# JRE version: Java(TM) SE Runtime Environment (17.0.6+9) (build 17.0.6+9-LTS-190)
# Java VM: Java HotSpot(TM) 64-Bit Server VM (17.0.6+9-LTS-190, mixed mode, sharing, tiered, compressed oops, compressed class ptrs, g1 gc, windows-amd64)
# No core dump will be written. Minidumps are not enabled by default on client versions of Windows
#

---------------  S U M M A R Y ------------

Command Line: C:\Users\rahul\AppData\Local\Temp\surefire8009904046217437465\surefirebooter823605413979650017.jar C:\Users\rahul\AppData\Local\Temp\surefire8009904046217437465 2023-08-05T22-21-54_284-jvmRun1 surefire5307227405247898901tmp surefire_08122524260777972728tmp

Host: Intel(R) Core(TM) i3-8130U CPU @ 2.20GHz, 4 cores, 7G,  Windows 11 , 64 bit Build 22621 (10.0.22621.1778)
Time: Sat Aug  5 22:22:22 2023 India Standard Time elapsed time: 26.769818 seconds (0d 0h 0m 26s)

---------------  T H R E A D  ---------------

Current thread (0x000001f5fd6da9b0):  JavaThread "C2 CompilerThread0" daemon [_thread_in_native, id=21776, stack(0x0000005e9f600000,0x0000005e9f700000)]


Current CompileTask:
C2:  26770 2910       4       org.testcontainers.shaded.com.fasterxml.jackson.databind.type.TypeFactory::_fromAny (287 bytes)

Stack: [0x0000005e9f600000,0x0000005e9f700000]
Native frames: (J=compiled Java code, j=interpreted, Vv=VM code, C=native code)
V  [jvm.dll+0x6734ea]
V  [jvm.dll+0x7d18f4]
V  [jvm.dll+0x7d309e]
V  [jvm.dll+0x7d3703]
V  [jvm.dll+0x2433c5]
V  [jvm.dll+0xaa46b]
V  [jvm.dll+0xaaa0c]
V  [jvm.dll+0x35eb2e]
V  [jvm.dll+0x329401]
V  [jvm.dll+0x32889a]
V  [jvm.dll+0x215ddf]
V  [jvm.dll+0x215211]
V  [jvm.dll+0x1a1730]
V  [jvm.dll+0x224b6e]
V  [jvm.dll+0x222f15]
V  [jvm.dll+0x78753c]
V  [jvm.dll+0x781a7a]
V  [jvm.dll+0x672375]
C  [ucrtbase.dll+0x29363]
C  [KERNEL32.DLL+0x126ad]
C  [ntdll.dll+0x5a9f8]


---------------  P R O C E S S  ---------------

Threads class SMR info:
_java_thread_list=0x000001f5fe9d0f00, length=23, elements={
0x000001f5eee9a290, 0x000001f5fd6b2ed0, 0x000001f5fd6b3a80, 0x000001f5fd6c94e0,
0x000001f5fd6cd3b0, 0x000001f5fd6cdd60, 0x000001f5fd6d9c20, 0x000001f5fd6da9b0,
0x000001f5fd6db450, 0x000001f5fd6ec600, 0x000001f5fe1efe70, 0x000001f5fe2145f0,
0x000001f5fe244be0, 0x000001f5fe35c380, 0x000001f58f83a8e0, 0x000001f5fe825e10,
0x000001f5feb24a60, 0x000001f5feb228b0, 0x000001f5feb21570, 0x000001f5feb21f10,
0x000001f5feb23bf0, 0x000001f5feb21a40, 0x000001f5feb223e0
}

Java Threads: ( => current thread )
  0x000001f5eee9a290 JavaThread "main" [_thread_blocked, id=28756, stack(0x0000005e9e900000,0x0000005e9ea00000)]
  0x000001f5fd6b2ed0 JavaThread "Reference Handler" daemon [_thread_blocked, id=15704, stack(0x0000005e9f000000,0x0000005e9f100000)]
  0x000001f5fd6b3a80 JavaThread "Finalizer" daemon [_thread_blocked, id=28736, stack(0x0000005e9f100000,0x0000005e9f200000)]
  0x000001f5fd6c94e0 JavaThread "Signal Dispatcher" daemon [_thread_blocked, id=29440, stack(0x0000005e9f200000,0x0000005e9f300000)]
  0x000001f5fd6cd3b0 JavaThread "Attach Listener" daemon [_thread_blocked, id=1280, stack(0x0000005e9f300000,0x0000005e9f400000)]
  0x000001f5fd6cdd60 JavaThread "Service Thread" daemon [_thread_blocked, id=27016, stack(0x0000005e9f400000,0x0000005e9f500000)]
  0x000001f5fd6d9c20 JavaThread "Monitor Deflation Thread" daemon [_thread_blocked, id=3492, stack(0x0000005e9f500000,0x0000005e9f600000)]
=>0x000001f5fd6da9b0 JavaThread "C2 CompilerThread0" daemon [_thread_in_native, id=21776, stack(0x0000005e9f600000,0x0000005e9f700000)]
  0x000001f5fd6db450 JavaThread "C1 CompilerThread0" daemon [_thread_blocked, id=16432, stack(0x0000005e9f700000,0x0000005e9f800000)]
  0x000001f5fd6ec600 JavaThread "Sweeper thread" daemon [_thread_blocked, id=29052, stack(0x0000005e9f800000,0x0000005e9f900000)]
  0x000001f5fe1efe70 JavaThread "Notification Thread" daemon [_thread_blocked, id=25144, stack(0x0000005e9f900000,0x0000005e9fa00000)]
  0x000001f5fe2145f0 JavaThread "Common-Cleaner" daemon [_thread_blocked, id=17752, stack(0x0000005e9fb00000,0x0000005e9fc00000)]
  0x000001f5fe244be0 JavaThread "surefire-forkedjvm-command-thread" daemon [_thread_in_native, id=25872, stack(0x0000005e9fc00000,0x0000005e9fd00000)]
  0x000001f5fe35c380 JavaThread "surefire-forkedjvm-ping-30s" daemon [_thread_in_native, id=4052, stack(0x0000005e9fd00000,0x0000005e9fe00000)]
  0x000001f58f83a8e0 JavaThread "Thread-0" daemon [_thread_in_native, id=12036, stack(0x0000005ea0300000,0x0000005ea0400000)]
  0x000001f5fe825e10 JavaThread "Thread-1" daemon [_thread_in_native, id=7740, stack(0x0000005ea0400000,0x0000005ea0500000)]
  0x000001f5feb24a60 JavaThread "Thread-2" daemon [_thread_in_native, id=7696, stack(0x0000005ea0500000,0x0000005ea0600000)]
  0x000001f5feb228b0 JavaThread "Thread-3" daemon [_thread_in_native, id=1008, stack(0x0000005ea0600000,0x0000005ea0700000)]
  0x000001f5feb21570 JavaThread "Thread-4" daemon [_thread_in_native, id=21948, stack(0x0000005ea0700000,0x0000005ea0800000)]
  0x000001f5feb21f10 JavaThread "Thread-9" daemon [_thread_blocked, id=28816, stack(0x0000005ea0800000,0x0000005ea0900000)]
  0x000001f5feb23bf0 JavaThread "Thread-10" daemon [_thread_blocked, id=23164, stack(0x0000005ea0900000,0x0000005ea0a00000)]
  0x000001f5feb21a40 JavaThread "testcontainers-ryuk" daemon [_thread_blocked, id=9384, stack(0x0000005ea0a00000,0x0000005ea0b00000)]
  0x000001f5feb223e0 JavaThread "docker-java-stream--1629265227" daemon [_thread_new, id=4780, stack(0x0000000000000000,0x0000000000000000)]

Other Threads:
  0x000001f5fd6af440 VMThread "VM Thread" [stack: 0x0000005e9ef00000,0x0000005e9f000000] [id=23008]
  0x000001f5fe214360 WatcherThread [stack: 0x0000005e9fa00000,0x0000005e9fb00000] [id=17856]
  0x000001f5eeef1b40 GCTaskThread "GC Thread#0" [stack: 0x0000005e9ea00000,0x0000005e9eb00000] [id=29060]
  0x000001f5fe87f630 GCTaskThread "GC Thread#1" [stack: 0x0000005e9fe00000,0x0000005e9ff00000] [id=26176]
  0x000001f5fe87c8c0 GCTaskThread "GC Thread#2" [stack: 0x0000005e9ff00000,0x0000005ea0000000] [id=28272]
  0x000001f5fe8bd580 GCTaskThread "GC Thread#3" [stack: 0x0000005ea0000000,0x0000005ea0100000] [id=26532]
  0x000001f5eef027e0 ConcurrentGCThread "G1 Main Marker" [stack: 0x0000005e9eb00000,0x0000005e9ec00000] [id=25948]
  0x000001f5eef049a0 ConcurrentGCThread "G1 Conc#0" [stack: 0x0000005e9ec00000,0x0000005e9ed00000] [id=19068]
  0x000001f5eef6e4d0 ConcurrentGCThread "G1 Refine#0" [stack: 0x0000005e9ed00000,0x0000005e9ee00000] [id=7108]
  0x000001f5fe7ac860 ConcurrentGCThread "G1 Refine#1" [stack: 0x0000005ea0100000,0x0000005ea0200000] [id=22708]
  0x000001f5fd56a130 ConcurrentGCThread "G1 Service" [stack: 0x0000005e9ee00000,0x0000005e9ef00000] [id=27140]

Threads with active compile tasks:
C2 CompilerThread0    26831 2910       4       org.testcontainers.shaded.com.fasterxml.jackson.databind.type.TypeFactory::_fromAny (287 bytes)

VM state: not at safepoint (normal execution)

VM Mutex/Monitor currently owned by a thread: None

Heap address: 0x0000000082000000, size: 2016 MB, Compressed Oops mode: 32-bit

CDS archive(s) mapped at: [0x0000000800000000-0x0000000800bd0000-0x0000000800bd0000), size 12386304, SharedBaseAddress: 0x0000000800000000, ArchiveRelocationMode: 0.
Compressed class space mapped at: 0x0000000800c00000-0x0000000840c00000, reserved size: 1073741824
Narrow klass base: 0x0000000800000000, Narrow klass shift: 0, Narrow klass range: 0x100000000

GC Precious Log:
 CPUs: 4 total, 4 available
 Memory: 8060M
 Large Page Support: Disabled
 NUMA Support: Disabled
 Compressed Oops: Enabled (32-bit)
 Heap Region Size: 1M
 Heap Min Capacity: 8M
 Heap Initial Capacity: 126M
 Heap Max Capacity: 2016M
 Pre-touch: Disabled
 Parallel Workers: 4
 Concurrent Workers: 1
 Concurrent Refinement Workers: 4
 Periodic GC: Disabled

Heap:
 garbage-first heap   total 129024K, used 71121K [0x0000000082000000, 0x0000000100000000)
  region size 1024K, 62 young (63488K), 2 survivors (2048K)
 Metaspace       used 21065K, committed 21312K, reserved 1073152K
  class space    used 2564K, committed 2688K, reserved 1048576K

Heap Regions: E=young(eden), S=young(survivor), O=old, HS=humongous(starts), HC=humongous(continues), CS=collection set, F=free, OA=open archive, CA=closed archive, TAMS=top-at-mark-start (previous, next)
|   0|0x0000000082000000, 0x0000000082100000, 0x0000000082100000|100%|HS|  |TAMS 0x0000000082000000, 0x0000000082000000| Complete 
|   1|0x0000000082100000, 0x0000000082200000, 0x0000000082200000|100%|HC|  |TAMS 0x0000000082100000, 0x0000000082100000| Complete 
|   2|0x0000000082200000, 0x0000000082300000, 0x0000000082300000|100%| O|  |TAMS 0x0000000082200000, 0x0000000082200000| Untracked 
|   3|0x0000000082300000, 0x0000000082400000, 0x0000000082400000|100%| O|  |TAMS 0x0000000082300000, 0x0000000082300000| Untracked 
|   4|0x0000000082400000, 0x0000000082500000, 0x0000000082500000|100%| O|  |TAMS 0x0000000082400000, 0x0000000082400000| Untracked 
|   5|0x0000000082500000, 0x0000000082600000, 0x0000000082600000|100%| O|  |TAMS 0x0000000082500000, 0x0000000082500000| Untracked 
|   6|0x0000000082600000, 0x0000000082700000, 0x0000000082700000|100%| O|  |TAMS 0x0000000082600000, 0x0000000082600000| Untracked 
|   7|0x0000000082700000, 0x0000000082800000, 0x0000000082800000|100%| O|  |TAMS 0x0000000082700000, 0x0000000082700000| Untracked 
|   8|0x0000000082800000, 0x0000000082874600, 0x0000000082900000| 45%| O|  |TAMS 0x0000000082800000, 0x0000000082800000| Untracked 
|   9|0x0000000082900000, 0x0000000082900000, 0x0000000082a00000|  0%| F|  |TAMS 0x0000000082900000, 0x0000000082900000| Untracked 
|  10|0x0000000082a00000, 0x0000000082a00000, 0x0000000082b00000|  0%| F|  |TAMS 0x0000000082a00000, 0x0000000082a00000| Untracked 
|  11|0x0000000082b00000, 0x0000000082b00000, 0x0000000082c00000|  0%| F|  |TAMS 0x0000000082b00000, 0x0000000082b00000| Untracked 
|  12|0x0000000082c00000, 0x0000000082c00000, 0x0000000082d00000|  0%| F|  |TAMS 0x0000000082c00000, 0x0000000082c00000| Untracked 
|  13|0x0000000082d00000, 0x0000000082d00000, 0x0000000082e00000|  0%| F|  |TAMS 0x0000000082d00000, 0x0000000082d00000| Untracked 
|  14|0x0000000082e00000, 0x0000000082e00000, 0x0000000082f00000|  0%| F|  |TAMS 0x0000000082e00000, 0x0000000082e00000| Untracked 
|  15|0x0000000082f00000, 0x0000000082f00000, 0x0000000083000000|  0%| F|  |TAMS 0x0000000082f00000, 0x0000000082f00000| Untracked 
|  16|0x0000000083000000, 0x0000000083000000, 0x0000000083100000|  0%| F|  |TAMS 0x0000000083000000, 0x0000000083000000| Untracked 
|  17|0x0000000083100000, 0x0000000083100000, 0x0000000083200000|  0%| F|  |TAMS 0x0000000083100000, 0x0000000083100000| Untracked 
|  18|0x0000000083200000, 0x0000000083200000, 0x0000000083300000|  0%| F|  |TAMS 0x0000000083200000, 0x0000000083200000| Untracked 
|  19|0x0000000083300000, 0x0000000083300000, 0x0000000083400000|  0%| F|  |TAMS 0x0000000083300000, 0x0000000083300000| Untracked 
|  20|0x0000000083400000, 0x0000000083400000, 0x0000000083500000|  0%| F|  |TAMS 0x0000000083400000, 0x0000000083400000| Untracked 
|  21|0x0000000083500000, 0x0000000083500000, 0x0000000083600000|  0%| F|  |TAMS 0x0000000083500000, 0x0000000083500000| Untracked 
|  22|0x0000000083600000, 0x0000000083600000, 0x0000000083700000|  0%| F|  |TAMS 0x0000000083600000, 0x0000000083600000| Untracked 
|  23|0x0000000083700000, 0x0000000083700000, 0x0000000083800000|  0%| F|  |TAMS 0x0000000083700000, 0x0000000083700000| Untracked 
|  24|0x0000000083800000, 0x0000000083800000, 0x0000000083900000|  0%| F|  |TAMS 0x0000000083800000, 0x0000000083800000| Untracked 
|  25|0x0000000083900000, 0x0000000083900000, 0x0000000083a00000|  0%| F|  |TAMS 0x0000000083900000, 0x0000000083900000| Untracked 
|  26|0x0000000083a00000, 0x0000000083a00000, 0x0000000083b00000|  0%| F|  |TAMS 0x0000000083a00000, 0x0000000083a00000| Untracked 
|  27|0x0000000083b00000, 0x0000000083b00000, 0x0000000083c00000|  0%| F|  |TAMS 0x0000000083b00000, 0x0000000083b00000| Untracked 
|  28|0x0000000083c00000, 0x0000000083c00000, 0x0000000083d00000|  0%| F|  |TAMS 0x0000000083c00000, 0x0000000083c00000| Untracked 
|  29|0x0000000083d00000, 0x0000000083d00000, 0x0000000083e00000|  0%| F|  |TAMS 0x0000000083d00000, 0x0000000083d00000| Untracked 
|  30|0x0000000083e00000, 0x0000000083e00000, 0x0000000083f00000|  0%| F|  |TAMS 0x0000000083e00000, 0x0000000083e00000| Untracked 
|  31|0x0000000083f00000, 0x0000000083f00000, 0x0000000084000000|  0%| F|  |TAMS 0x0000000083f00000, 0x0000000083f00000| Untracked 
|  32|0x0000000084000000, 0x0000000084000000, 0x0000000084100000|  0%| F|  |TAMS 0x0000000084000000, 0x0000000084000000| Untracked 
|  33|0x0000000084100000, 0x0000000084100000, 0x0000000084200000|  0%| F|  |TAMS 0x0000000084100000, 0x0000000084100000| Untracked 
|  34|0x0000000084200000, 0x0000000084200000, 0x0000000084300000|  0%| F|  |TAMS 0x0000000084200000, 0x0000000084200000| Untracked 
|  35|0x0000000084300000, 0x0000000084300000, 0x0000000084400000|  0%| F|  |TAMS 0x0000000084300000, 0x0000000084300000| Untracked 
|  36|0x0000000084400000, 0x0000000084400000, 0x0000000084500000|  0%| F|  |TAMS 0x0000000084400000, 0x0000000084400000| Untracked 
|  37|0x0000000084500000, 0x0000000084500000, 0x0000000084600000|  0%| F|  |TAMS 0x0000000084500000, 0x0000000084500000| Untracked 
|  38|0x0000000084600000, 0x0000000084600000, 0x0000000084700000|  0%| F|  |TAMS 0x0000000084600000, 0x0000000084600000| Untracked 
|  39|0x0000000084700000, 0x0000000084700000, 0x0000000084800000|  0%| F|  |TAMS 0x0000000084700000, 0x0000000084700000| Untracked 
|  40|0x0000000084800000, 0x0000000084800000, 0x0000000084900000|  0%| F|  |TAMS 0x0000000084800000, 0x0000000084800000| Untracked 
|  41|0x0000000084900000, 0x0000000084900000, 0x0000000084a00000|  0%| F|  |TAMS 0x0000000084900000, 0x0000000084900000| Untracked 
|  42|0x0000000084a00000, 0x0000000084a00000, 0x0000000084b00000|  0%| F|  |TAMS 0x0000000084a00000, 0x0000000084a00000| Untracked 
|  43|0x0000000084b00000, 0x0000000084b00000, 0x0000000084c00000|  0%| F|  |TAMS 0x0000000084b00000, 0x0000000084b00000| Untracked 
|  44|0x0000000084c00000, 0x0000000084c00000, 0x0000000084d00000|  0%| F|  |TAMS 0x0000000084c00000, 0x0000000084c00000| Untracked 
|  45|0x0000000084d00000, 0x0000000084d00000, 0x0000000084e00000|  0%| F|  |TAMS 0x0000000084d00000, 0x0000000084d00000| Untracked 
|  46|0x0000000084e00000, 0x0000000084e00000, 0x0000000084f00000|  0%| F|  |TAMS 0x0000000084e00000, 0x0000000084e00000| Untracked 
|  47|0x0000000084f00000, 0x0000000084f00000, 0x0000000085000000|  0%| F|  |TAMS 0x0000000084f00000, 0x0000000084f00000| Untracked 
|  48|0x0000000085000000, 0x0000000085000000, 0x0000000085100000|  0%| F|  |TAMS 0x0000000085000000, 0x0000000085000000| Untracked 
|  49|0x0000000085100000, 0x0000000085100000, 0x0000000085200000|  0%| F|  |TAMS 0x0000000085100000, 0x0000000085100000| Untracked 
|  50|0x0000000085200000, 0x0000000085200000, 0x0000000085300000|  0%| F|  |TAMS 0x0000000085200000, 0x0000000085200000| Untracked 
|  51|0x0000000085300000, 0x0000000085300000, 0x0000000085400000|  0%| F|  |TAMS 0x0000000085300000, 0x0000000085300000| Untracked 
|  52|0x0000000085400000, 0x0000000085400000, 0x0000000085500000|  0%| F|  |TAMS 0x0000000085400000, 0x0000000085400000| Untracked 
|  53|0x0000000085500000, 0x0000000085500000, 0x0000000085600000|  0%| F|  |TAMS 0x0000000085500000, 0x0000000085500000| Untracked 
|  54|0x0000000085600000, 0x0000000085600000, 0x0000000085700000|  0%| F|  |TAMS 0x0000000085600000, 0x0000000085600000| Untracked 
|  55|0x0000000085700000, 0x0000000085700000, 0x0000000085800000|  0%| F|  |TAMS 0x0000000085700000, 0x0000000085700000| Untracked 
|  56|0x0000000085800000, 0x0000000085800000, 0x0000000085900000|  0%| F|  |TAMS 0x0000000085800000, 0x0000000085800000| Untracked 
|  57|0x0000000085900000, 0x0000000085900000, 0x0000000085a00000|  0%| F|  |TAMS 0x0000000085900000, 0x0000000085900000| Untracked 
|  58|0x0000000085a00000, 0x0000000085a00000, 0x0000000085b00000|  0%| F|  |TAMS 0x0000000085a00000, 0x0000000085a00000| Untracked 
|  59|0x0000000085b00000, 0x0000000085b00000, 0x0000000085c00000|  0%| F|  |TAMS 0x0000000085b00000, 0x0000000085b00000| Untracked 
|  60|0x0000000085c00000, 0x0000000085c00000, 0x0000000085d00000|  0%| F|  |TAMS 0x0000000085c00000, 0x0000000085c00000| Untracked 
|  61|0x0000000085d00000, 0x0000000085d00000, 0x0000000085e00000|  0%| F|  |TAMS 0x0000000085d00000, 0x0000000085d00000| Untracked 
|  62|0x0000000085e00000, 0x0000000085e00000, 0x0000000085f00000|  0%| F|  |TAMS 0x0000000085e00000, 0x0000000085e00000| Untracked 
|  63|0x0000000085f00000, 0x0000000085f00000, 0x0000000086000000|  0%| F|  |TAMS 0x0000000085f00000, 0x0000000085f00000| Untracked 
|  64|0x0000000086000000, 0x0000000086100000, 0x0000000086100000|100%| E|  |TAMS 0x0000000086000000, 0x0000000086000000| Complete 
|  65|0x0000000086100000, 0x0000000086200000, 0x0000000086200000|100%| E|CS|TAMS 0x0000000086100000, 0x0000000086100000| Complete 
|  66|0x0000000086200000, 0x0000000086300000, 0x0000000086300000|100%| E|CS|TAMS 0x0000000086200000, 0x0000000086200000| Complete 
|  67|0x0000000086300000, 0x0000000086400000, 0x0000000086400000|100%| E|CS|TAMS 0x0000000086300000, 0x0000000086300000| Complete 
|  68|0x0000000086400000, 0x0000000086500000, 0x0000000086500000|100%| E|CS|TAMS 0x0000000086400000, 0x0000000086400000| Complete 
|  69|0x0000000086500000, 0x0000000086600000, 0x0000000086600000|100%| E|CS|TAMS 0x0000000086500000, 0x0000000086500000| Complete 
|  70|0x0000000086600000, 0x0000000086700000, 0x0000000086700000|100%| E|CS|TAMS 0x0000000086600000, 0x0000000086600000| Complete 
|  71|0x0000000086700000, 0x0000000086800000, 0x0000000086800000|100%| E|CS|TAMS 0x0000000086700000, 0x0000000086700000| Complete 
|  72|0x0000000086800000, 0x0000000086900000, 0x0000000086900000|100%| E|CS|TAMS 0x0000000086800000, 0x0000000086800000| Complete 
|  73|0x0000000086900000, 0x0000000086a00000, 0x0000000086a00000|100%| E|CS|TAMS 0x0000000086900000, 0x0000000086900000| Complete 
|  74|0x0000000086a00000, 0x0000000086b00000, 0x0000000086b00000|100%| E|CS|TAMS 0x0000000086a00000, 0x0000000086a00000| Complete 
|  75|0x0000000086b00000, 0x0000000086c00000, 0x0000000086c00000|100%| E|CS|TAMS 0x0000000086b00000, 0x0000000086b00000| Complete 
|  76|0x0000000086c00000, 0x0000000086d00000, 0x0000000086d00000|100%| E|CS|TAMS 0x0000000086c00000, 0x0000000086c00000| Complete 
|  77|0x0000000086d00000, 0x0000000086e00000, 0x0000000086e00000|100%| E|CS|TAMS 0x0000000086d00000, 0x0000000086d00000| Complete 
|  78|0x0000000086e00000, 0x0000000086f00000, 0x0000000086f00000|100%| E|CS|TAMS 0x0000000086e00000, 0x0000000086e00000| Complete 
|  79|0x0000000086f00000, 0x0000000087000000, 0x0000000087000000|100%| E|CS|TAMS 0x0000000086f00000, 0x0000000086f00000| Complete 
|  80|0x0000000087000000, 0x0000000087100000, 0x0000000087100000|100%| E|CS|TAMS 0x0000000087000000, 0x0000000087000000| Complete 
|  81|0x0000000087100000, 0x0000000087200000, 0x0000000087200000|100%| E|CS|TAMS 0x0000000087100000, 0x0000000087100000| Complete 
|  82|0x0000000087200000, 0x0000000087300000, 0x0000000087300000|100%| E|CS|TAMS 0x0000000087200000, 0x0000000087200000| Complete 
|  83|0x0000000087300000, 0x0000000087400000, 0x0000000087400000|100%| E|CS|TAMS 0x0000000087300000, 0x0000000087300000| Complete 
|  84|0x0000000087400000, 0x0000000087500000, 0x0000000087500000|100%| E|CS|TAMS 0x0000000087400000, 0x0000000087400000| Complete 
|  85|0x0000000087500000, 0x0000000087600000, 0x0000000087600000|100%| E|CS|TAMS 0x0000000087500000, 0x0000000087500000| Complete 
|  86|0x0000000087600000, 0x0000000087700000, 0x0000000087700000|100%| E|CS|TAMS 0x0000000087600000, 0x0000000087600000| Complete 
|  87|0x0000000087700000, 0x0000000087800000, 0x0000000087800000|100%| E|CS|TAMS 0x0000000087700000, 0x0000000087700000| Complete 
|  88|0x0000000087800000, 0x0000000087900000, 0x0000000087900000|100%| E|CS|TAMS 0x0000000087800000, 0x0000000087800000| Complete 
|  89|0x0000000087900000, 0x0000000087a00000, 0x0000000087a00000|100%| E|CS|TAMS 0x0000000087900000, 0x0000000087900000| Complete 
|  90|0x0000000087a00000, 0x0000000087b00000, 0x0000000087b00000|100%| E|CS|TAMS 0x0000000087a00000, 0x0000000087a00000| Complete 
|  91|0x0000000087b00000, 0x0000000087c00000, 0x0000000087c00000|100%| E|CS|TAMS 0x0000000087b00000, 0x0000000087b00000| Complete 
|  92|0x0000000087c00000, 0x0000000087d00000, 0x0000000087d00000|100%| E|CS|TAMS 0x0000000087c00000, 0x0000000087c00000| Complete 
|  93|0x0000000087d00000, 0x0000000087e00000, 0x0000000087e00000|100%| E|CS|TAMS 0x0000000087d00000, 0x0000000087d00000| Complete 
|  94|0x0000000087e00000, 0x0000000087f00000, 0x0000000087f00000|100%| E|CS|TAMS 0x0000000087e00000, 0x0000000087e00000| Complete 
|  95|0x0000000087f00000, 0x0000000088000000, 0x0000000088000000|100%| E|CS|TAMS 0x0000000087f00000, 0x0000000087f00000| Complete 
|  96|0x0000000088000000, 0x0000000088100000, 0x0000000088100000|100%| E|CS|TAMS 0x0000000088000000, 0x0000000088000000| Complete 
|  97|0x0000000088100000, 0x0000000088200000, 0x0000000088200000|100%| E|CS|TAMS 0x0000000088100000, 0x0000000088100000| Complete 
|  98|0x0000000088200000, 0x0000000088300000, 0x0000000088300000|100%| E|CS|TAMS 0x0000000088200000, 0x0000000088200000| Complete 
|  99|0x0000000088300000, 0x0000000088400000, 0x0000000088400000|100%| E|CS|TAMS 0x0000000088300000, 0x0000000088300000| Complete 
| 100|0x0000000088400000, 0x0000000088500000, 0x0000000088500000|100%| S|CS|TAMS 0x0000000088400000, 0x0000000088400000| Complete 
| 101|0x0000000088500000, 0x0000000088600000, 0x0000000088600000|100%| S|CS|TAMS 0x0000000088500000, 0x0000000088500000| Complete 
| 102|0x0000000088600000, 0x0000000088700000, 0x0000000088700000|100%| E|CS|TAMS 0x0000000088600000, 0x0000000088600000| Complete 
| 103|0x0000000088700000, 0x0000000088800000, 0x0000000088800000|100%| E|CS|TAMS 0x0000000088700000, 0x0000000088700000| Complete 
| 104|0x0000000088800000, 0x0000000088900000, 0x0000000088900000|100%| E|CS|TAMS 0x0000000088800000, 0x0000000088800000| Complete 
| 105|0x0000000088900000, 0x0000000088a00000, 0x0000000088a00000|100%| E|CS|TAMS 0x0000000088900000, 0x0000000088900000| Complete 
| 106|0x0000000088a00000, 0x0000000088b00000, 0x0000000088b00000|100%| E|CS|TAMS 0x0000000088a00000, 0x0000000088a00000| Complete 
| 107|0x0000000088b00000, 0x0000000088c00000, 0x0000000088c00000|100%| E|CS|TAMS 0x0000000088b00000, 0x0000000088b00000| Complete 
| 108|0x0000000088c00000, 0x0000000088d00000, 0x0000000088d00000|100%| E|CS|TAMS 0x0000000088c00000, 0x0000000088c00000| Complete 
| 109|0x0000000088d00000, 0x0000000088e00000, 0x0000000088e00000|100%| E|CS|TAMS 0x0000000088d00000, 0x0000000088d00000| Complete 
| 110|0x0000000088e00000, 0x0000000088f00000, 0x0000000088f00000|100%| E|CS|TAMS 0x0000000088e00000, 0x0000000088e00000| Complete 
| 111|0x0000000088f00000, 0x0000000089000000, 0x0000000089000000|100%| E|CS|TAMS 0x0000000088f00000, 0x0000000088f00000| Complete 
| 112|0x0000000089000000, 0x0000000089100000, 0x0000000089100000|100%| E|CS|TAMS 0x0000000089000000, 0x0000000089000000| Complete 
| 113|0x0000000089100000, 0x0000000089200000, 0x0000000089200000|100%| E|CS|TAMS 0x0000000089100000, 0x0000000089100000| Complete 
| 114|0x0000000089200000, 0x0000000089300000, 0x0000000089300000|100%| E|CS|TAMS 0x0000000089200000, 0x0000000089200000| Complete 
| 115|0x0000000089300000, 0x0000000089400000, 0x0000000089400000|100%| E|CS|TAMS 0x0000000089300000, 0x0000000089300000| Complete 
| 116|0x0000000089400000, 0x0000000089500000, 0x0000000089500000|100%| E|CS|TAMS 0x0000000089400000, 0x0000000089400000| Complete 
| 117|0x0000000089500000, 0x0000000089600000, 0x0000000089600000|100%| E|CS|TAMS 0x0000000089500000, 0x0000000089500000| Complete 
| 118|0x0000000089600000, 0x0000000089700000, 0x0000000089700000|100%| E|CS|TAMS 0x0000000089600000, 0x0000000089600000| Complete 
| 119|0x0000000089700000, 0x0000000089800000, 0x0000000089800000|100%| E|CS|TAMS 0x0000000089700000, 0x0000000089700000| Complete 
| 120|0x0000000089800000, 0x0000000089900000, 0x0000000089900000|100%| E|CS|TAMS 0x0000000089800000, 0x0000000089800000| Complete 
| 121|0x0000000089900000, 0x0000000089a00000, 0x0000000089a00000|100%| E|CS|TAMS 0x0000000089900000, 0x0000000089900000| Complete 
| 122|0x0000000089a00000, 0x0000000089b00000, 0x0000000089b00000|100%| E|CS|TAMS 0x0000000089a00000, 0x0000000089a00000| Complete 
| 123|0x0000000089b00000, 0x0000000089c00000, 0x0000000089c00000|100%| E|CS|TAMS 0x0000000089b00000, 0x0000000089b00000| Complete 
| 124|0x0000000089c00000, 0x0000000089d00000, 0x0000000089d00000|100%| E|CS|TAMS 0x0000000089c00000, 0x0000000089c00000| Complete 
| 125|0x0000000089d00000, 0x0000000089e00000, 0x0000000089e00000|100%| E|CS|TAMS 0x0000000089d00000, 0x0000000089d00000| Complete 

Card table byte_map: [0x000001f5f6b10000,0x000001f5f6f00000] _byte_map_base: 0x000001f5f6700000

Marking Bits (Prev, Next): (CMBitMap*) 0x000001f5eeef2150, (CMBitMap*) 0x000001f5eeef2190
 Prev Bits: [0x000001f5f72f0000, 0x000001f5f9270000)
 Next Bits: [0x000001f5f9270000, 0x000001f5fb1f0000)

Polling page: 0x000001f5ece30000

Metaspace:

Usage:
  Non-class:     18.07 MB used.
      Class:      2.50 MB used.
       Both:     20.57 MB used.

Virtual space:
  Non-class space:       24.00 MB reserved,      18.19 MB ( 76%) committed,  3 nodes.
      Class space:        1.00 GB reserved,       2.62 MB ( <1%) committed,  1 nodes.
             Both:        1.02 GB reserved,      20.81 MB (  2%) committed. 

Chunk freelists:
   Non-Class:  1.83 MB
       Class:  1.36 MB
        Both:  3.19 MB

MaxMetaspaceSize: unlimited
CompressedClassSpaceSize: 1.00 GB
Initial GC threshold: 21.00 MB
Current GC threshold: 21.00 MB
CDS: on
MetaspaceReclaimPolicy: balanced
 - commit_granule_bytes: 65536.
 - commit_granule_words: 8192.
 - virtual_space_node_default_size: 1048576.
 - enlarge_chunks_in_place: 1.
 - new_chunks_are_fully_committed: 0.
 - uncommit_free_chunks: 1.
 - use_allocation_guard: 0.
 - handle_deallocations: 1.


Internal statistics:

num_allocs_failed_limit: 0.
num_arena_births: 136.
num_arena_deaths: 0.
num_vsnodes_births: 4.
num_vsnodes_deaths: 0.
num_space_committed: 333.
num_space_uncommitted: 0.
num_chunks_returned_to_freelist: 0.
num_chunks_taken_from_freelist: 828.
num_chunk_merges: 0.
num_chunk_splits: 569.
num_chunks_enlarged: 476.
num_purges: 0.
num_inconsistent_stats: 0.

CodeHeap 'non-profiled nmethods': size=120000Kb used=1134Kb max_used=1134Kb free=118866Kb
 bounds [0x000001f587ad0000, 0x000001f587d40000, 0x000001f58f000000]
CodeHeap 'profiled nmethods': size=120000Kb used=6084Kb max_used=6084Kb free=113915Kb
 bounds [0x000001f580000000, 0x000001f580600000, 0x000001f587530000]
CodeHeap 'non-nmethods': size=5760Kb used=1212Kb max_used=1282Kb free=4547Kb
 bounds [0x000001f587530000, 0x000001f5877a0000, 0x000001f587ad0000]
 total_blobs=3431 nmethods=2917 adapters=426
 compilation: enabled
              stopped_count=0, restarted_count=0
 full_count=0

Compilation events (20 events):
Event: 26.645 Thread 0x000001f5fd6db450 2908       3       org.testcontainers.shaded.com.fasterxml.jackson.databind.node.ContainerNode::<init> (10 bytes)
Event: 26.645 Thread 0x000001f5fd6db450 nmethod 2908 0x000001f5805e8490 code [0x000001f5805e8640, 0x000001f5805e8918]
Event: 26.645 Thread 0x000001f5fd6da9b0 nmethod 2909 0x000001f587beb210 code [0x000001f587beb380, 0x000001f587beb438]
Event: 26.645 Thread 0x000001f5fd6da9b0 2910       4       org.testcontainers.shaded.com.fasterxml.jackson.databind.type.TypeFactory::_fromAny (287 bytes)
Event: 26.645 Thread 0x000001f5fd6db450 2911       3       org.testcontainers.shaded.com.fasterxml.jackson.databind.DeserializationConfig::introspect (11 bytes)
Event: 26.645 Thread 0x000001f5fd6db450 nmethod 2911 0x000001f5805e8a90 code [0x000001f5805e8c40, 0x000001f5805e8f28]
Event: 26.645 Thread 0x000001f5fd6db450 2912       3       org.testcontainers.shaded.com.fasterxml.jackson.databind.introspect.BasicClassIntrospector::forDeserialization (54 bytes)
Event: 26.646 Thread 0x000001f5fd6db450 nmethod 2912 0x000001f5805e9090 code [0x000001f5805e92c0, 0x000001f5805e9918]
Event: 26.646 Thread 0x000001f5fd6db450 2913       3       org.testcontainers.shaded.com.fasterxml.jackson.databind.deser.DeserializerCache::_createDeserializer (195 bytes)
Event: 26.649 Thread 0x000001f5fd6db450 nmethod 2913 0x000001f5805e9c10 code [0x000001f5805ea000, 0x000001f5805ebd88]
Event: 26.649 Thread 0x000001f5fd6db450 2914       3       org.testcontainers.shaded.com.fasterxml.jackson.databind.deser.DeserializerCache::findDeserializerFromAnnotation (32 bytes)
Event: 26.649 Thread 0x000001f5fd6db450 nmethod 2914 0x000001f5805ec990 code [0x000001f5805ecba0, 0x000001f5805ed1a8]
Event: 26.649 Thread 0x000001f5fd6db450 2915       3       org.testcontainers.shaded.com.fasterxml.jackson.databind.deser.DeserializerCache::modifyTypeByAnnotation (188 bytes)
Event: 26.651 Thread 0x000001f5fd6db450 nmethod 2915 0x000001f5805ed490 code [0x000001f5805ed760, 0x000001f5805eec68]
Event: 26.651 Thread 0x000001f5fd6db450 2916       3       org.testcontainers.shaded.com.fasterxml.jackson.databind.introspect.BasicBeanDescription::findPOJOBuilder (23 bytes)
Event: 26.651 Thread 0x000001f5fd6db450 nmethod 2916 0x000001f5805ef210 code [0x000001f5805ef440, 0x000001f5805eff18]
Event: 26.651 Thread 0x000001f5fd6db450 2917   !   3       java.util.concurrent.ConcurrentHashMap::initTable (112 bytes)
Event: 26.652 Thread 0x000001f5fd6db450 nmethod 2917 0x000001f5805f0210 code [0x000001f5805f03e0, 0x000001f5805f0968]
Event: 26.653 Thread 0x000001f5fd6db450 2918       1       com.github.dockerjava.zerodep.shaded.org.apache.hc.core5.http.message.BasicClassicHttpRequest::getEntity (5 bytes)
Event: 26.653 Thread 0x000001f5fd6db450 nmethod 2918 0x000001f587beb510 code [0x000001f587beb6a0, 0x000001f587beb778]

GC Heap History (6 events):
Event: 0.764 GC heap before
{Heap before GC invocations=0 (full 0):
 garbage-first heap   total 129024K, used 14336K [0x0000000082000000, 0x0000000100000000)
  region size 1024K, 13 young (13312K), 0 survivors (0K)
 Metaspace       used 2785K, committed 2944K, reserved 1056768K
  class space    used 289K, committed 384K, reserved 1048576K
}
Event: 0.801 GC heap after
{Heap after GC invocations=1 (full 0):
 garbage-first heap   total 129024K, used 8730K [0x0000000082000000, 0x0000000100000000)
  region size 1024K, 2 young (2048K), 2 survivors (2048K)
 Metaspace       used 2785K, committed 2944K, reserved 1056768K
  class space    used 289K, committed 384K, reserved 1048576K
}
Event: 2.561 GC heap before
{Heap before GC invocations=1 (full 0):
 garbage-first heap   total 129024K, used 15898K [0x0000000082000000, 0x0000000100000000)
  region size 1024K, 9 young (9216K), 2 survivors (2048K)
 Metaspace       used 4582K, committed 4736K, reserved 1056768K
  class space    used 553K, committed 640K, reserved 1048576K
}
Event: 2.564 GC heap after
{Heap after GC invocations=2 (full 0):
 garbage-first heap   total 129024K, used 9142K [0x0000000082000000, 0x0000000100000000)
  region size 1024K, 1 young (1024K), 1 survivors (1024K)
 Metaspace       used 4582K, committed 4736K, reserved 1056768K
  class space    used 553K, committed 640K, reserved 1048576K
}
Event: 6.277 GC heap before
{Heap before GC invocations=2 (full 0):
 garbage-first heap   total 129024K, used 32694K [0x0000000082000000, 0x0000000100000000)
  region size 1024K, 24 young (24576K), 1 survivors (1024K)
 Metaspace       used 11126K, committed 11328K, reserved 1064960K
  class space    used 1360K, committed 1472K, reserved 1048576K
}
Event: 6.282 GC heap after
{Heap after GC invocations=3 (full 0):
 garbage-first heap   total 129024K, used 10705K [0x0000000082000000, 0x0000000100000000)
  region size 1024K, 2 young (2048K), 2 survivors (2048K)
 Metaspace       used 11126K, committed 11328K, reserved 1064960K
  class space    used 1360K, committed 1472K, reserved 1048576K
}

Deoptimization events (20 events):
Event: 11.814 Thread 0x000001f5eee9a290 DEOPT PACKING pc=0x000001f587bc3648 sp=0x0000005e9e9fc6a0
Event: 11.814 Thread 0x000001f5eee9a290 DEOPT UNPACKING pc=0x000001f5875823a3 sp=0x0000005e9e9fc630 mode 2
Event: 15.421 Thread 0x000001f5eee9a290 DEOPT PACKING pc=0x000001f58042ad76 sp=0x0000005e9e9faf20
Event: 15.422 Thread 0x000001f5eee9a290 DEOPT UNPACKING pc=0x000001f587582b43 sp=0x0000005e9e9fa410 mode 0
Event: 15.578 Thread 0x000001f5eee9a290 Uncommon trap: trap_request=0xffffff45 fr.pc=0x000001f587b99b14 relative=0x0000000000000254
Event: 15.578 Thread 0x000001f5eee9a290 Uncommon trap: reason=unstable_if action=reinterpret pc=0x000001f587b99b14 method=java.util.HashMap.getNode(Ljava/lang/Object;)Ljava/util/HashMap$Node; @ 66 c2
Event: 15.578 Thread 0x000001f5eee9a290 DEOPT PACKING pc=0x000001f587b99b14 sp=0x0000005e9e9fb090
Event: 15.578 Thread 0x000001f5eee9a290 DEOPT UNPACKING pc=0x000001f5875823a3 sp=0x0000005e9e9fafb0 mode 2
Event: 16.505 Thread 0x000001f5feb21570 Uncommon trap: trap_request=0xffffff45 fr.pc=0x000001f587ba6498 relative=0x0000000000001358
Event: 16.505 Thread 0x000001f5feb21570 Uncommon trap: reason=unstable_if action=reinterpret pc=0x000001f587ba6498 method=java.util.concurrent.ConcurrentHashMap.putVal(Ljava/lang/Object;Ljava/lang/Object;Z)Ljava/lang/Object; @ 97 c2
Event: 16.505 Thread 0x000001f5feb21570 DEOPT PACKING pc=0x000001f587ba6498 sp=0x0000005ea07fe4c0
Event: 16.505 Thread 0x000001f5feb21570 DEOPT UNPACKING pc=0x000001f5875823a3 sp=0x0000005ea07fe458 mode 2
Event: 16.723 Thread 0x000001f5eee9a290 Uncommon trap: trap_request=0xffffff45 fr.pc=0x000001f587b64234 relative=0x0000000000000294
Event: 16.723 Thread 0x000001f5eee9a290 Uncommon trap: reason=unstable_if action=reinterpret pc=0x000001f587b64234 method=java.lang.String.indexOf([BBILjava/lang/String;I)I @ 62 c2
Event: 16.723 Thread 0x000001f5eee9a290 DEOPT PACKING pc=0x000001f587b64234 sp=0x0000005e9e9fccc0
Event: 16.723 Thread 0x000001f5eee9a290 DEOPT UNPACKING pc=0x000001f5875823a3 sp=0x0000005e9e9fcbb8 mode 2
Event: 22.949 Thread 0x000001f5eee9a290 Uncommon trap: trap_request=0xffffff45 fr.pc=0x000001f587be7dd8 relative=0x0000000000000138
Event: 22.949 Thread 0x000001f5eee9a290 Uncommon trap: reason=unstable_if action=reinterpret pc=0x000001f587be7dd8 method=java.util.regex.Pattern$SliceI.match(Ljava/util/regex/Matcher;ILjava/lang/CharSequence;)Z @ 18 c2
Event: 22.949 Thread 0x000001f5eee9a290 DEOPT PACKING pc=0x000001f587be7dd8 sp=0x0000005e9e9fcd40
Event: 22.949 Thread 0x000001f5eee9a290 DEOPT UNPACKING pc=0x000001f5875823a3 sp=0x0000005e9e9fccc8 mode 2

Classes unloaded (0 events):
No events

Classes redefined (0 events):
No events

Internal exceptions (20 events):
Event: 4.118 Thread 0x000001f5eee9a290 Exception <a 'java/lang/IncompatibleClassChangeError'{0x0000000089760148}: Found class java.lang.Object, but interface was expected> (0x0000000089760148) 
thrown [s\open\src\hotspot\share\interpreter\linkResolver.cpp, line 826]
Event: 4.173 Thread 0x000001f5eee9a290 Exception <a 'java/lang/NoSuchMethodError'{0x00000000897f9ea8}: 'int java.lang.invoke.DirectMethodHandle$Holder.invokeStaticInit(java.lang.Object, java.lang.Object, java.lang.Object)'> (0x00000000897f9ea8) 
thrown [s\open\src\hotspot\share\interpreter\linkResolver.cpp, line 759]
Event: 4.194 Thread 0x000001f5eee9a290 Implicit null exception at 0x000001f587b27d40 to 0x000001f587b2854c
Event: 4.215 Thread 0x000001f5eee9a290 Exception <a 'java/lang/NoSuchMethodError'{0x0000000089406ee8}: 'int java.lang.invoke.DirectMethodHandle$Holder.invokeInterface(java.lang.Object, java.lang.Object)'> (0x0000000089406ee8) 
thrown [s\open\src\hotspot\share\interpreter\linkResolver.cpp, line 759]
Event: 4.739 Thread 0x000001f5eee9a290 Exception <a 'java/lang/NoSuchMethodError'{0x00000000890dead8}: 'java.lang.Object java.lang.invoke.DirectMethodHandle$Holder.invokeVirtual(java.lang.Object, java.lang.Object, java.lang.Object)'> (0x00000000890dead8) 
thrown [s\open\src\hotspot\share\interpreter\linkResolver.cpp, line 759]
Event: 5.102 Thread 0x000001f5eee9a290 Exception <a 'java/lang/NoSuchMethodError'{0x0000000088d2ba50}: 'void java.lang.invoke.DirectMethodHandle$Holder.invokeVirtual(java.lang.Object, java.lang.Object, java.lang.Object, java.lang.Object)'> (0x0000000088d2ba50) 
thrown [s\open\src\hotspot\share\interpreter\linkResolver.cpp, line 759]
Event: 5.730 Thread 0x000001f5eee9a290 Exception <a 'java/lang/NoSuchMethodError'{0x00000000887842a8}: 'java.lang.Object java.lang.invoke.DirectMethodHandle$Holder.invokeStaticInit(java.lang.Object, int, int, int, int)'> (0x00000000887842a8) 
thrown [s\open\src\hotspot\share\interpreter\linkResolver.cpp, line 759]
Event: 6.225 Thread 0x000001f5eee9a290 Exception <a 'java/lang/NoSuchMethodError'{0x00000000886522a8}: 'java.lang.Object java.lang.invoke.DirectMethodHandle$Holder.invokeStaticInit(java.lang.Object, java.lang.Object, int, int, int, int)'> (0x00000000886522a8) 
thrown [s\open\src\hotspot\share\interpreter\linkResolver.cpp, line 759]
Event: 7.206 Thread 0x000001f5eee9a290 Exception <a 'java/lang/NoSuchMethodError'{0x0000000088c715d8}: 'void java.lang.invoke.DirectMethodHandle$Holder.invokeStatic(java.lang.Object, java.lang.Object)'> (0x0000000088c715d8) 
thrown [s\open\src\hotspot\share\interpreter\linkResolver.cpp, line 759]
Event: 7.514 Thread 0x000001f5eee9a290 Exception <a 'java/lang/NoSuchMethodError'{0x000000008888a068}: 'long java.lang.invoke.DirectMethodHandle$Holder.invokeStatic(java.lang.Object, java.lang.Object)'> (0x000000008888a068) 
thrown [s\open\src\hotspot\share\interpreter\linkResolver.cpp, line 759]
Event: 7.779 Thread 0x000001f5eee9a290 Exception <a 'java/lang/NoSuchMethodError'{0x0000000087fb7600}: 'int java.lang.invoke.DirectMethodHandle$Holder.invokeStatic(java.lang.Object, java.lang.Object, int)'> (0x0000000087fb7600) 
thrown [s\open\src\hotspot\share\interpreter\linkResolver.cpp, line 759]
Event: 11.581 Thread 0x000001f5eee9a290 Implicit null exception at 0x000001f587b04e72 to 0x000001f587b0551c
Event: 11.581 Thread 0x000001f5eee9a290 Implicit null exception at 0x000001f587b01672 to 0x000001f587b01d1c
Event: 11.668 Thread 0x000001f5eee9a290 Exception <a 'java/lang/NoSuchMethodError'{0x00000000870c2988}: 'void java.lang.invoke.DirectMethodHandle$Holder.invokeStatic(java.lang.Object, java.lang.Object, java.lang.Object, java.lang.Object, java.lang.Object, java.lang.Object)'> (0x00000000870c2988) 
thrown [s\open\src\hotspot\share\interpreter\linkResolver.cpp, line 759]
Event: 12.890 Thread 0x000001f5eee9a290 Exception <a 'java/lang/IncompatibleClassChangeError'{0x0000000086ebcd18}: Found class java.lang.Object, but interface was expected> (0x0000000086ebcd18) 
thrown [s\open\src\hotspot\share\interpreter\linkResolver.cpp, line 826]
Event: 12.891 Thread 0x000001f5eee9a290 Exception <a 'java/lang/IncompatibleClassChangeError'{0x0000000086ec0d88}: Found class java.lang.Object, but interface was expected> (0x0000000086ec0d88) 
thrown [s\open\src\hotspot\share\interpreter\linkResolver.cpp, line 826]
Event: 15.407 Thread 0x000001f5eee9a290 Exception <a 'java/lang/IncompatibleClassChangeError'{0x0000000086ef66b8}: Found class java.lang.Object, but interface was expected> (0x0000000086ef66b8) 
thrown [s\open\src\hotspot\share\interpreter\linkResolver.cpp, line 826]
Event: 16.502 Thread 0x000001f5eee9a290 Exception <a 'java/lang/NoSuchMethodError'{0x00000000867aa000}: 'void java.lang.invoke.DirectMethodHandle$Holder.invokeVirtual(java.lang.Object, java.lang.Object)'> (0x00000000867aa000) 
thrown [s\open\src\hotspot\share\interpreter\linkResolver.cpp, line 759]
Event: 16.518 Thread 0x000001f5eee9a290 Exception <a 'java/lang/NoSuchMethodError'{0x00000000867efba0}: 'java.lang.Object java.lang.invoke.DirectMethodHandle$Holder.invokeInterface(java.lang.Object, java.lang.Object, int)'> (0x00000000867efba0) 
thrown [s\open\src\hotspot\share\interpreter\linkResolver.cpp, line 759]
Event: 16.519 Thread 0x000001f5eee9a290 Exception <a 'java/lang/IncompatibleClassChangeError'{0x00000000867f3480}: Found class java.lang.Object, but interface was expected> (0x00000000867f3480) 
thrown [s\open\src\hotspot\share\interpreter\linkResolver.cpp, line 826]

VM Operations (20 events):
Event: 11.650 Executing VM operation: HandshakeAllThreads
Event: 11.650 Executing VM operation: HandshakeAllThreads done
Event: 12.664 Executing VM operation: Cleanup
Event: 12.664 Executing VM operation: Cleanup done
Event: 13.679 Executing VM operation: Cleanup
Event: 13.679 Executing VM operation: Cleanup done
Event: 15.695 Executing VM operation: Cleanup
Event: 15.711 Executing VM operation: Cleanup done
Event: 16.724 Executing VM operation: Cleanup
Event: 16.724 Executing VM operation: Cleanup done
Event: 17.732 Executing VM operation: Cleanup
Event: 17.732 Executing VM operation: Cleanup done
Event: 19.753 Executing VM operation: Cleanup
Event: 19.753 Executing VM operation: Cleanup done
Event: 20.761 Executing VM operation: Cleanup
Event: 20.761 Executing VM operation: Cleanup done
Event: 22.763 Executing VM operation: Cleanup
Event: 22.763 Executing VM operation: Cleanup done
Event: 23.770 Executing VM operation: Cleanup
Event: 23.770 Executing VM operation: Cleanup done

Events (20 events):
Event: 16.529 loading class sun/net/spi/DefaultProxySelector$3
Event: 16.529 loading class sun/net/spi/DefaultProxySelector$3 done
Event: 16.529 loading class sun/net/NetHooks
Event: 16.529 loading class sun/net/NetHooks done
Event: 16.531 loading class java/net/Socket$SocketInputStream
Event: 16.531 loading class java/net/Socket$SocketInputStream done
Event: 16.531 loading class sun/nio/ch/NioSocketImpl$1
Event: 16.531 loading class sun/nio/ch/NioSocketImpl$1 done
Event: 16.532 loading class java/net/Socket$SocketOutputStream
Event: 16.532 loading class java/net/Socket$SocketOutputStream done
Event: 16.532 loading class sun/nio/ch/NioSocketImpl$2
Event: 16.532 loading class sun/nio/ch/NioSocketImpl$2 done
Event: 16.723 loading class sun/nio/cs/StringUTF16
Event: 16.724 loading class sun/nio/cs/StringUTF16 done
Event: 19.723 Thread 0x000001f5feb223e0 Thread added: 0x000001f5feb223e0
Event: 20.131 loading class java/util/regex/Pattern$SliceI
Event: 20.131 loading class java/util/regex/Pattern$SliceI done
Event: 22.953 Thread 0x000001f5feb223e0 Thread exited: 0x000001f5feb223e0
Event: 23.011 Thread 0x000001f5feb223e0 Thread added: 0x000001f5feb223e0
Event: 26.602 Thread 0x000001f5feb223e0 Thread exited: 0x000001f5feb223e0


Dynamic libraries:
0x00007ff6cd110000 - 0x00007ff6cd120000 	C:\Program Files\Java\jdk-17\bin\java.exe
0x00007ff97e4b0000 - 0x00007ff97e6c4000 	C:\WINDOWS\SYSTEM32\ntdll.dll
0x00007ff97c390000 - 0x00007ff97c452000 	C:\WINDOWS\System32\KERNEL32.DLL
0x00007ff97b920000 - 0x00007ff97bcc3000 	C:\WINDOWS\System32\KERNELBASE.dll
0x00007ff97c170000 - 0x00007ff97c281000 	C:\WINDOWS\System32\ucrtbase.dll
0x00007ff95cf10000 - 0x00007ff95cf2b000 	C:\Program Files\Java\jdk-17\bin\VCRUNTIME140.dll
0x00007ff95d780000 - 0x00007ff95d798000 	C:\Program Files\Java\jdk-17\bin\jli.dll
0x00007ff97c610000 - 0x00007ff97c6be000 	C:\WINDOWS\System32\ADVAPI32.dll
0x00007ff97cfc0000 - 0x00007ff97d067000 	C:\WINDOWS\System32\msvcrt.dll
0x00007ff97cf10000 - 0x00007ff97cfb4000 	C:\WINDOWS\System32\sechost.dll
0x00007ff97daf0000 - 0x00007ff97dc07000 	C:\WINDOWS\System32\RPCRT4.dll
0x00007ff97c460000 - 0x00007ff97c60b000 	C:\WINDOWS\System32\USER32.dll
0x00007ff97bf30000 - 0x00007ff97bf56000 	C:\WINDOWS\System32\win32u.dll
0x00007ff97d210000 - 0x00007ff97d239000 	C:\WINDOWS\System32\GDI32.dll
0x00007ff97bcd0000 - 0x00007ff97bde9000 	C:\WINDOWS\System32\gdi32full.dll
0x00007ff97c0d0000 - 0x00007ff97c16a000 	C:\WINDOWS\System32\msvcp_win.dll
0x00007ff964360000 - 0x00007ff9645ee000 	C:\WINDOWS\WinSxS\amd64_microsoft.windows.common-controls_6595b64144ccf1df_6.0.22621.1635_none_270f70857386168e\COMCTL32.dll
0x00007ff96d8b0000 - 0x00007ff96d8ba000 	C:\WINDOWS\SYSTEM32\VERSION.dll
0x00007ff97c6c0000 - 0x00007ff97c6f1000 	C:\WINDOWS\System32\IMM32.DLL
0x00007ff95d760000 - 0x00007ff95d76c000 	C:\Program Files\Java\jdk-17\bin\vcruntime140_1.dll
0x00007ff946280000 - 0x00007ff94630e000 	C:\Program Files\Java\jdk-17\bin\msvcp140.dll
0x00007ff923b00000 - 0x00007ff9246d7000 	C:\Program Files\Java\jdk-17\bin\server\jvm.dll
0x00007ff97cdc0000 - 0x00007ff97cdc8000 	C:\WINDOWS\System32\PSAPI.DLL
0x00007ff95b0d0000 - 0x00007ff95b0d9000 	C:\WINDOWS\SYSTEM32\WSOCK32.dll
0x00007ff97c310000 - 0x00007ff97c381000 	C:\WINDOWS\System32\WS2_32.dll
0x00007ff973040000 - 0x00007ff973074000 	C:\WINDOWS\SYSTEM32\WINMM.dll
0x00007ff97a9b0000 - 0x00007ff97a9c8000 	C:\WINDOWS\SYSTEM32\kernel.appcore.dll
0x00007ff95d660000 - 0x00007ff95d66a000 	C:\Program Files\Java\jdk-17\bin\jimage.dll
0x00007ff979320000 - 0x00007ff97954e000 	C:\WINDOWS\SYSTEM32\DBGHELP.DLL
0x00007ff97d500000 - 0x00007ff97d889000 	C:\WINDOWS\System32\combase.dll
0x00007ff97d890000 - 0x00007ff97d967000 	C:\WINDOWS\System32\OLEAUT32.dll
0x00007ff95ab60000 - 0x00007ff95ab92000 	C:\WINDOWS\SYSTEM32\dbgcore.DLL
0x00007ff97beb0000 - 0x00007ff97bf2b000 	C:\WINDOWS\System32\bcryptPrimitives.dll
0x00007ff94d760000 - 0x00007ff94d785000 	C:\Program Files\Java\jdk-17\bin\java.dll
0x00007ff945960000 - 0x00007ff945a37000 	C:\Program Files\Java\jdk-17\bin\jsvml.dll
0x00007ff97dc10000 - 0x00007ff97e40a000 	C:\WINDOWS\System32\SHELL32.dll
0x00007ff979820000 - 0x00007ff97a0ee000 	C:\WINDOWS\SYSTEM32\windows.storage.dll
0x00007ff9796e0000 - 0x00007ff97981e000 	C:\WINDOWS\SYSTEM32\wintypes.dll
0x00007ff97d400000 - 0x00007ff97d4f1000 	C:\WINDOWS\System32\SHCORE.dll
0x00007ff97e410000 - 0x00007ff97e46e000 	C:\WINDOWS\System32\shlwapi.dll
0x00007ff97b7e0000 - 0x00007ff97b801000 	C:\WINDOWS\SYSTEM32\profapi.dll
0x00007ff9546a0000 - 0x00007ff9546b9000 	C:\Program Files\Java\jdk-17\bin\net.dll
0x00007ff971040000 - 0x00007ff971177000 	C:\WINDOWS\SYSTEM32\WINHTTP.dll
0x00007ff97ae20000 - 0x00007ff97ae89000 	C:\WINDOWS\system32\mswsock.dll
0x00007ff9537e0000 - 0x00007ff9537f6000 	C:\Program Files\Java\jdk-17\bin\nio.dll
0x00007ff9484e0000 - 0x00007ff9484f8000 	C:\Program Files\Java\jdk-17\bin\zip.dll
0x00007ff95dda0000 - 0x00007ff95ddaa000 	C:\Program Files\Java\jdk-17\bin\management.dll
0x00007ff9592e0000 - 0x00007ff9592eb000 	C:\Program Files\Java\jdk-17\bin\management_ext.dll
0x00007ff95c7c0000 - 0x00007ff95c7d0000 	C:\Program Files\Java\jdk-17\bin\verify.dll
0x00007ff97b0c0000 - 0x00007ff97b0db000 	C:\WINDOWS\SYSTEM32\CRYPTSP.dll
0x00007ff97a920000 - 0x00007ff97a955000 	C:\WINDOWS\system32\rsaenh.dll
0x00007ff97af40000 - 0x00007ff97af68000 	C:\WINDOWS\SYSTEM32\USERENV.dll
0x00007ff97b280000 - 0x00007ff97b2a8000 	C:\WINDOWS\SYSTEM32\bcrypt.dll
0x00007ff97b0e0000 - 0x00007ff97b0ec000 	C:\WINDOWS\SYSTEM32\CRYPTBASE.dll
0x00007ff97a340000 - 0x00007ff97a36d000 	C:\WINDOWS\SYSTEM32\IPHLPAPI.DLL
0x00007ff97ce50000 - 0x00007ff97ce59000 	C:\WINDOWS\System32\NSI.dll
0x00007ff971020000 - 0x00007ff971039000 	C:\WINDOWS\SYSTEM32\dhcpcsvc6.DLL
0x00007ff971000000 - 0x00007ff97101f000 	C:\WINDOWS\SYSTEM32\dhcpcsvc.DLL
0x00007ff97a370000 - 0x00007ff97a463000 	C:\WINDOWS\SYSTEM32\DNSAPI.dll
0x00007ff972e50000 - 0x00007ff972e5a000 	C:\Windows\System32\rasadhlp.dll
0x00007ff96d280000 - 0x00007ff96d304000 	C:\WINDOWS\System32\fwpuclnt.dll

dbghelp: loaded successfully - version: 4.0.5 - missing functions: none
symbol engine: initialized successfully - sym options: 0x614 - pdb path: .;C:\Program Files\Java\jdk-17\bin;C:\WINDOWS\SYSTEM32;C:\WINDOWS\WinSxS\amd64_microsoft.windows.common-controls_6595b64144ccf1df_6.0.22621.1635_none_270f70857386168e;C:\Program Files\Java\jdk-17\bin\server

VM Arguments:
java_command: C:\Users\rahul\AppData\Local\Temp\surefire8009904046217437465\surefirebooter823605413979650017.jar C:\Users\rahul\AppData\Local\Temp\surefire8009904046217437465 2023-08-05T22-21-54_284-jvmRun1 surefire5307227405247898901tmp surefire_08122524260777972728tmp
java_class_path (initial): C:\Users\rahul\AppData\Local\Temp\surefire8009904046217437465\surefirebooter823605413979650017.jar
Launcher Type: SUN_STANDARD

[Global flags]
     intx CICompilerCount                          = 3                                         {product} {ergonomic}
     uint ConcGCThreads                            = 1                                         {product} {ergonomic}
     uint G1ConcRefinementThreads                  = 4                                         {product} {ergonomic}
   size_t G1HeapRegionSize                         = 1048576                                   {product} {ergonomic}
    uintx GCDrainStackTargetSize                   = 64                                        {product} {ergonomic}
   size_t InitialHeapSize                          = 132120576                                 {product} {ergonomic}
   size_t MarkStackSize                            = 4194304                                   {product} {ergonomic}
   size_t MaxHeapSize                              = 2113929216                                {product} {ergonomic}
   size_t MaxNewSize                               = 1267728384                                {product} {ergonomic}
   size_t MinHeapDeltaBytes                        = 1048576                                   {product} {ergonomic}
   size_t MinHeapSize                              = 8388608                                   {product} {ergonomic}
    uintx NonNMethodCodeHeapSize                   = 5832780                                {pd product} {ergonomic}
    uintx NonProfiledCodeHeapSize                  = 122912730                              {pd product} {ergonomic}
    uintx ProfiledCodeHeapSize                     = 122912730                              {pd product} {ergonomic}
    uintx ReservedCodeCacheSize                    = 251658240                              {pd product} {ergonomic}
     bool SegmentedCodeCache                       = true                                      {product} {ergonomic}
   size_t SoftMaxHeapSize                          = 2113929216                             {manageable} {ergonomic}
     bool UseCompressedClassPointers               = true                           {product lp64_product} {ergonomic}
     bool UseCompressedOops                        = true                           {product lp64_product} {ergonomic}
     bool UseG1GC                                  = true                                      {product} {ergonomic}
     bool UseLargePagesIndividualAllocation        = false                                  {pd product} {ergonomic}

Logging:
Log output configuration:
 #0: stdout all=warning uptime,level,tags
 #1: stderr all=off uptime,level,tags

Environment Variables:
PATH=C:\Program Files\Common Files\Oracle\Java\javapath;C:\WINDOWS\system32;C:\WINDOWS;C:\WINDOWS\System32\Wbem;C:\WINDOWS\System32\WindowsPowerShell\v1.0\;C:\WINDOWS\System32\OpenSSH\;C:\FingerprintSensors\SMARTCHIP_DLL;C:\TURBOC3\LIB\;C:\TURBOC3\INCLUDE\;C:\Program Files\Git\cmd;C:\apache-maven-3.9.0\bin;C:\Program Files\Docker\Docker\resources\bin;C:\Program Files\MongoDB\Server\6.0\bin;C:\mongosh-1.8.0\bin;C:\Program Files\nodejs\;C:\Program Files\dotnet\;C:\Program Files\php-8.2.9;C:\composer;C:\Program Files\MySQL\MySQL Shell 8.0\bin\;C:\Users\rahul\AppData\Local\Microsoft\WindowsApps;;C:\Program Files\JetBrains\IntelliJ IDEA Community Edition 2022.3.2\bin;;C:\Users\rahul\AppData\Local\Programs\Microsoft VS Code\bin;C:\Users\rahul\AppData\Roaming\npm;C:\Users\rahul\.dotnet\tools;C:\Users\rahul\AppData\Roaming\Composer\vendor\bin
USERNAME=rahul
OS=Windows_NT
PROCESSOR_IDENTIFIER=Intel64 Family 6 Model 142 Stepping 10, GenuineIntel



---------------  S Y S T E M  ---------------

OS:
 Windows 11 , 64 bit Build 22621 (10.0.22621.1778)
OS uptime: 2 days 7:51 hours
Hyper-V role detected

CPU: total 4 (initial active 4) (2 cores per cpu, 2 threads per core) family 6 model 142 stepping 10 microcode 0xe0, cx8, cmov, fxsr, ht, mmx, 3dnowpref, sse, sse2, sse3, ssse3, sse4.1, sse4.2, popcnt, lzcnt, tsc, tscinvbit, avx, avx2, aes, erms, clmul, bmi1, bmi2, adx, fma, vzeroupper, clflush, clflushopt, hv

Memory: 4k page, system-wide physical 8060M (405M free)
TotalPageFile size 21453M (AvailPageFile size 5M)
current process WorkingSet (physical memory assigned to process): 149M, peak: 149M
current process commit charge ("private bytes"): 246M, peak: 260M

vm_info: Java HotSpot(TM) 64-Bit Server VM (17.0.6+9-LTS-190) for windows-amd64 JRE (17.0.6+9-LTS-190), built on Dec  6 2022 15:53:54 by "mach5one" with MS VC++ 17.1 (VS2022)

END.
